Log file open, 05/23/18 17:39:39
LogInit:Display: Running engine for game: TheBends
LogPlatformFile: Not using cached read wrapper
LogInit:Display: RandInit(388026135) SRandInit(388026135).
LogTaskGraph: Started task graph with 5 named threads and 12 total threads with 1 sets of task threads.
LogStats: Stats thread started at 0.129923
LogInit: Using libcurl 7.47.1
LogInit:  - built for x86_64-pc-win32
LogInit:  - supports SSL with OpenSSL/1.0.2g
LogInit:  - supports HTTP deflate (compression) using libz 1.2.8
LogInit:  - other features:
LogInit:      CURL_VERSION_SSL
LogInit:      CURL_VERSION_LIBZ
LogInit:      CURL_VERSION_IPV6
LogInit:      CURL_VERSION_ASYNCHDNS
LogInit:      CURL_VERSION_LARGEFILE
LogInit:      CURL_VERSION_IDN
LogInit:  CurlRequestOptions (configurable via config and command line):
LogInit:  - bVerifyPeer = false  - Libcurl will NOT verify peer certificate
LogInit:  - bUseHttpProxy = false  - Libcurl will NOT use HTTP proxy
LogInit:  - bDontReuseConnections = false  - Libcurl will reuse connections
LogInit:  - CertBundlePath = nullptr  - Libcurl will use whatever was configured at build time.
LogInit: Build: ++UE4+Release-4.15-CL-3450819
LogInit: Engine Version: 4.15.3-3450819+++UE4+Release-4.15
LogInit: Compatible Engine Version: 4.15.0-3299760+++UE4+Release-4.15
LogInit: Net CL: 3299760
LogDevObjectVersion: Number of dev versions registered: 14
LogDevObjectVersion:   Dev-Blueprints (B0D832E4-1F89-4F0D-ACCF-7EB736FD4AA2): 8
LogDevObjectVersion:   Dev-Build (E1C64328-A22C-4D53-A36C-8E866417BD8C): 0
LogDevObjectVersion:   Dev-Core (375EC13C-06E4-48FB-B500-84F0262A717E): 2
LogDevObjectVersion:   Dev-Editor (E4B068ED-F494-42E9-A231-DA0B2E46BB41): 14
LogDevObjectVersion:   Dev-Framework (CFFC743F-43B0-4480-9391-14DF171D2073): 22
LogDevObjectVersion:   Dev-Mobile (B02B49B5-BB20-44E9-A304-32B752E40360): 0
LogDevObjectVersion:   Dev-Networking (A4E4105C-59A1-49B5-A7C5-40C4547EDFEE): 0
LogDevObjectVersion:   Dev-Online (39C831C9-5AE6-47DC-9A44-9C173E1C8E7C): 0
LogDevObjectVersion:   Dev-Physics (78F01B33-EBEA-4F98-B9B4-84EACCB95AA2): 0
LogDevObjectVersion:   Dev-Platform (6631380F-2D4D-43E0-8009-CF276956A95A): 0
LogDevObjectVersion:   Dev-Rendering (12F88B9F-8875-4AFC-A67C-D90C383ABD29): 12
LogDevObjectVersion:   Dev-Sequencer (7B5AE74C-D270-4C10-A958-57980B212A5A): 3
LogDevObjectVersion:   Dev-VR (D7296918-1DD6-4BDD-9DE2-64A83CC13884): 0
LogDevObjectVersion:   Dev-LoadTimes (C2A15278-BFE7-4AFE-6C17-90FF531DF755): 1
LogInit: Compiled (64-bit): May 21 2017 11:02:34
LogInit: Compiled with Visual C++: 19.00.23026.00
LogInit: Build Configuration: Development
LogInit: Branch Name: ++UE4+Release-4.15
LogInit: Command line:  
LogInit: Base directory: D:/UE/UE_4.15/Engine/Binaries/Win64/
LogInit: Installed Engine Build: 1
LogInit: Presizing for max 8388607 objects, including 0 objects not considered by GC, pre-allocating 0 bytes for permanent pool.
LogInit: Object subsystem initialized
[2018.05.23-16.39.40:628][  0]LogConsoleManager:Display: Setting the console variable 'r.RHICmdBypass' with 'SetByProjectSetting' was ignored as it is lower priority than the previous 'SetBySystemSettingsIni'. Value remains '1'
[2018.05.23-16.39.40:637][  0]LogInit: Selected Device Profile: [Windows]
[2018.05.23-16.39.40:637][  0]LogInit: Applying CVar settings loaded from the selected device profile: [Windows]
[2018.05.23-16.39.40:652][  0]LogInit: Computer: DESKTOP-U064HA0
[2018.05.23-16.39.40:652][  0]LogInit: User: lukem
[2018.05.23-16.39.40:652][  0]LogInit: CPU Page size=65536, Cores=8
[2018.05.23-16.39.40:652][  0]LogInit: High frequency timer resolution =3.691536 MHz
[2018.05.23-16.39.40:653][  0]LogMemory: Memory total: Physical=15.9GB (16GB approx)
[2018.05.23-16.39.40:653][  0]LogMemory: Platform Memory Stats for Windows
[2018.05.23-16.39.40:653][  0]LogMemory: Process Physical Memory: 267.39 MB used, 267.39 MB peak
[2018.05.23-16.39.40:653][  0]LogMemory: Process Virtual Memory: 266.29 MB used, 266.29 MB peak
[2018.05.23-16.39.40:653][  0]LogMemory: Physical Memory: 7719.13 MB used,  8593.38 MB free, 16312.50 MB total
[2018.05.23-16.39.40:653][  0]LogMemory: Virtual Memory: 686.55 MB used,  8593.38 MB free, 134217728.00 MB total
[2018.05.23-16.39.40:733][  0]LogTextLocalizationManager: No specific translations for ('en-GB') exist, so ('en') translations will be used.
[2018.05.23-16.39.41:500][  0]LogD3D11RHI: D3D11 adapters:
[2018.05.23-16.39.41:608][  0]LogD3D11RHI:    0. 'NVIDIA GeForce GTX 1070' (Feature Level 11_0)
[2018.05.23-16.39.41:608][  0]LogD3D11RHI:       8088/0/8156 MB DedicatedVideo/DedicatedSystem/SharedSystem, Outputs:2, VendorId:0x10de
[2018.05.23-16.39.41:611][  0]LogD3D11RHI:    1. 'Microsoft Basic Render Driver' (Feature Level 11_0)
[2018.05.23-16.39.41:611][  0]LogD3D11RHI:       0/0/8156 MB DedicatedVideo/DedicatedSystem/SharedSystem, Outputs:0, VendorId:0x1414
[2018.05.23-16.39.41:611][  0]LogD3D11RHI: Chosen D3D11 Adapter: 0
[2018.05.23-16.39.41:624][  0]LogD3D11RHI: Creating new Direct3DDevice
[2018.05.23-16.39.41:624][  0]LogD3D11RHI:     GPU DeviceId: 0x1b81 (for the marketing name, search the web for "GPU Device Id")
[2018.05.23-16.39.41:624][  0]LogWindows: EnumDisplayDevices:
[2018.05.23-16.39.41:624][  0]LogWindows:    0. 'NVIDIA GeForce GTX 1070' (P:0 D:1)
[2018.05.23-16.39.41:624][  0]LogWindows:    1. 'NVIDIA GeForce GTX 1070' (P:1 D:1)
[2018.05.23-16.39.41:625][  0]LogWindows:    2. 'NVIDIA GeForce GTX 1070' (P:0 D:0)
[2018.05.23-16.39.41:625][  0]LogWindows:    3. 'NVIDIA GeForce GTX 1070' (P:0 D:0)
[2018.05.23-16.39.41:625][  0]LogWindows: DebugString: GetVideoDriverDetailsInvalid PrimaryIsNotTheChoosenAdapter GetVideoDriverDetailsInvalid PrimaryIsNotTheChoosenAdapter GetVideoDriverDetailsInvalid PrimaryIsNotTheChoosenAdapter GetVideoDriverDetailsInvalid PrimaryIsNotTheChoosenAdapter FoundDriverCount:0 
[2018.05.23-16.39.41:625][  0]LogD3D11RHI:     Adapter Name: NVIDIA GeForce GTX 1070
[2018.05.23-16.39.41:625][  0]LogD3D11RHI:   Driver Version: Unknown (internal:Unknown, unified:Unknown)
[2018.05.23-16.39.41:625][  0]LogD3D11RHI:      Driver Date: Unknown
[2018.05.23-16.39.41:625][  0]LogRHI: Texture pool is 1361 MB (70% of 1945 MB)
[2018.05.23-16.39.41:675][  0]LogD3D11RHI: Async texture creation enabled
[2018.05.23-16.39.41:754][  0]LogD3D11RHI: GPU Timing Frequency: 1000.000000 (Debug: 2 2)
[2018.05.23-16.39.41:852][  0]LogShaderCompilers: Guid format shader working directory is 1 characters bigger than the processId version (E:/Uni Stuff/Year2/Github/The-Bends/TheBends/Intermediate/Shaders/WorkingDirectory/14568/).
[2018.05.23-16.39.41:852][  0]LogShaderCompilers: Cleaned the shader compiler working directory 'C:/Users/lukem/AppData/Local/Temp/UnrealShaderWorkingDir/A3341B214698F42C8C3211979210DE84/'.
[2018.05.23-16.39.41:852][  0]LogShaderCompilers:Display: Using Local Shader Compiler.
[2018.05.23-16.39.42:881][  0]LogTemp:Display: Loaded TP AllDesktopTargetPlatform
[2018.05.23-16.39.42:945][  0]LogTemp:Display: Loaded TP MacClientTargetPlatform
[2018.05.23-16.39.43:005][  0]LogTemp:Display: Loaded TP MacNoEditorTargetPlatform
[2018.05.23-16.39.43:064][  0]LogTemp:Display: Loaded TP MacServerTargetPlatform
[2018.05.23-16.39.43:132][  0]LogTemp:Display: Loaded TP MacTargetPlatform
[2018.05.23-16.39.43:197][  0]LogTemp:Display: Loaded TP WindowsClientTargetPlatform
[2018.05.23-16.39.43:262][  0]LogTemp:Display: Loaded TP WindowsNoEditorTargetPlatform
[2018.05.23-16.39.43:329][  0]LogTemp:Display: Loaded TP WindowsServerTargetPlatform
[2018.05.23-16.39.43:382][  0]LogTemp:Display: Loaded TP WindowsTargetPlatform
[2018.05.23-16.39.43:450][  0]LogTemp:Display: Loaded TP AndroidTargetPlatform
[2018.05.23-16.39.43:524][  0]LogTemp:Display: Loaded TP Android_ASTCTargetPlatform
[2018.05.23-16.39.43:587][  0]LogTemp:Display: Loaded TP Android_ATCTargetPlatform
[2018.05.23-16.39.43:656][  0]LogTemp:Display: Loaded TP Android_DXTTargetPlatform
[2018.05.23-16.39.43:724][  0]LogTemp:Display: Loaded TP Android_ETC1TargetPlatform
[2018.05.23-16.39.43:783][  0]LogTemp:Display: Loaded TP Android_ETC2TargetPlatform
[2018.05.23-16.39.43:902][  0]LogTemp:Display: Loaded TP Android_MultiTargetPlatform
[2018.05.23-16.39.43:902][  0]LogTemp:Display: Loaded TP Android_PVRTCTargetPlatform
[2018.05.23-16.39.43:942][  0]LogTemp:Display: Loaded TP HTML5TargetPlatform
[2018.05.23-16.39.44:042][  0]LogTemp:Display: Loaded TP IOSTargetPlatform
[2018.05.23-16.39.44:078][  0]LogTemp:Display: Loaded TP TVOSTargetPlatform
[2018.05.23-16.39.44:147][  0]LogTemp:Display: Loaded TP LinuxClientTargetPlatform
[2018.05.23-16.39.44:221][  0]LogTemp:Display: Loaded TP LinuxNoEditorTargetPlatform
[2018.05.23-16.39.44:291][  0]LogTemp:Display: Loaded TP LinuxServerTargetPlatform
[2018.05.23-16.39.44:359][  0]LogTemp:Display: Loaded TP LinuxTargetPlatform
[2018.05.23-16.39.44:359][  0]LogTargetPlatformManager:Display: Building Assets For Windows
[2018.05.23-16.39.44:791][  0]LogDerivedDataCache:Display: Max Cache Size: 512 MB
[2018.05.23-16.39.44:858][  0]LogDerivedDataCache: Loaded boot cache 0.07s 51MB C:/Users/lukem/AppData/Local/UnrealEngine/4.15/DerivedDataCache/Boot.ddc.
[2018.05.23-16.39.44:858][  0]LogDerivedDataCache:Display: Loaded Boot cache: C:/Users/lukem/AppData/Local/UnrealEngine/4.15/DerivedDataCache/Boot.ddc
[2018.05.23-16.39.44:858][  0]LogDerivedDataCache: FDerivedDataBackendGraph:  Pak pak cache file E:/Uni Stuff/Year2/Github/The-Bends/TheBends/DerivedDataCache/DDC.ddp not found, will not use a pak cache.
[2018.05.23-16.39.44:858][  0]LogDerivedDataCache: Unable to find inner node Pak for hierarchical cache Hierarchy.
[2018.05.23-16.39.44:858][  0]LogDerivedDataCache: FDerivedDataBackendGraph:  CompressedPak pak cache file E:/Uni Stuff/Year2/Github/The-Bends/TheBends/DerivedDataCache/Compressed.ddp not found, will not use a pak cache.
[2018.05.23-16.39.44:858][  0]LogDerivedDataCache: Unable to find inner node CompressedPak for hierarchical cache Hierarchy.
[2018.05.23-16.39.44:877][  0]LogDerivedDataCache:Display: Pak cache opened for reading ../../../Engine/DerivedDataCache/Compressed.ddp.
[2018.05.23-16.39.44:889][  0]LogDerivedDataCache: Using Local data cache path C:/Users/lukem/AppData/Local/UnrealEngine/Common/DerivedDataCache: Writable
[2018.05.23-16.39.44:901][  0]LogSlate: Using Freetype 2.6.0
[2018.05.23-16.39.44:901][  0]LogSlate: SlateFontCache - WITH_FREETYPE: 1, WITH_HARFBUZZ: 1
[2018.05.23-16.39.44:902][  0]LogSlate: SlateFontCache - WITH_FREETYPE: 1, WITH_HARFBUZZ: 1
[2018.05.23-16.39.45:903][  0]LogInit: Selected Device Profile: [Windows]
[2018.05.23-16.39.46:004][  0]LogContentStreaming: Texture pool size is 0.00 MB
[2018.05.23-16.39.46:792][  0]LogMeshUtilities: Using QuadricMeshReduction for automatic static mesh reduction
[2018.05.23-16.39.46:864][  0]LogSimplygon: Simplygon DLL not present - disabling.
[2018.05.23-16.39.46:940][  0]LogMeshUtilities: Using SimplygonSwarm for distributed automatic mesh merging
[2018.05.23-16.39.46:940][  0]LogMeshUtilities: No automatic skeletal mesh reduction module available
[2018.05.23-16.39.46:941][  0]LogMeshUtilities: No automatic mesh merging module available
[2018.05.23-16.39.54:012][  0]LogNetVersion: GetLocalNetworkVersion: CL: 3299760, ProjectName: thebends, ProjectVersion: , EngineNetworkVersion: 2, GameNetworkVersion: 0, NetworkChecksum: 3470498370
[2018.05.23-16.39.54:217][  0]LogAssetRegistry: FAssetRegistry took 0.0241 seconds to start up
[2018.05.23-16.39.54:387][  0]LogFileManager:Warning: MoveFile was unable to move 'E:/Uni Stuff/Year2/Github/The-Bends/TheBends/Intermediate/AssetRegistryCache/e8c2d44a.bin.tmp' to 'E:/Uni Stuff/Year2/Github/The-Bends/TheBends/Intermediate/AssetRegistryCache/e8c2d44a.bin', retrying in .5s...
[2018.05.23-16.39.54:888][  0]LogFileManager:Warning: MoveFile was unable to move 'E:/Uni Stuff/Year2/Github/The-Bends/TheBends/Intermediate/AssetRegistryCache/e8c2d44a.bin.tmp' to 'E:/Uni Stuff/Year2/Github/The-Bends/TheBends/Intermediate/AssetRegistryCache/e8c2d44a.bin', retrying in .5s...
[2018.05.23-16.39.55:388][  0]LogFileManager:Warning: MoveFile was unable to move 'E:/Uni Stuff/Year2/Github/The-Bends/TheBends/Intermediate/AssetRegistryCache/e8c2d44a.bin.tmp' to 'E:/Uni Stuff/Year2/Github/The-Bends/TheBends/Intermediate/AssetRegistryCache/e8c2d44a.bin', retrying in .5s...
[2018.05.23-16.39.55:888][  0]LogFileManager:Warning: MoveFile was unable to move 'E:/Uni Stuff/Year2/Github/The-Bends/TheBends/Intermediate/AssetRegistryCache/e8c2d44a.bin.tmp' to 'E:/Uni Stuff/Year2/Github/The-Bends/TheBends/Intermediate/AssetRegistryCache/e8c2d44a.bin', retrying in .5s...
[2018.05.23-16.39.56:389][  0]LogFileManager:Warning: MoveFile was unable to move 'E:/Uni Stuff/Year2/Github/The-Bends/TheBends/Intermediate/AssetRegistryCache/e8c2d44a.bin.tmp' to 'E:/Uni Stuff/Year2/Github/The-Bends/TheBends/Intermediate/AssetRegistryCache/e8c2d44a.bin', retrying in .5s...
[2018.05.23-16.39.56:889][  0]LogFileManager:Warning: MoveFile was unable to move 'E:/Uni Stuff/Year2/Github/The-Bends/TheBends/Intermediate/AssetRegistryCache/e8c2d44a.bin.tmp' to 'E:/Uni Stuff/Year2/Github/The-Bends/TheBends/Intermediate/AssetRegistryCache/e8c2d44a.bin', retrying in .5s...
[2018.05.23-16.39.57:390][  0]LogFileManager:Warning: MoveFile was unable to move 'E:/Uni Stuff/Year2/Github/The-Bends/TheBends/Intermediate/AssetRegistryCache/e8c2d44a.bin.tmp' to 'E:/Uni Stuff/Year2/Github/The-Bends/TheBends/Intermediate/AssetRegistryCache/e8c2d44a.bin', retrying in .5s...
[2018.05.23-16.39.57:890][  0]LogFileManager:Warning: MoveFile was unable to move 'E:/Uni Stuff/Year2/Github/The-Bends/TheBends/Intermediate/AssetRegistryCache/e8c2d44a.bin.tmp' to 'E:/Uni Stuff/Year2/Github/The-Bends/TheBends/Intermediate/AssetRegistryCache/e8c2d44a.bin', retrying in .5s...
[2018.05.23-16.39.58:390][  0]LogFileManager:Warning: MoveFile was unable to move 'E:/Uni Stuff/Year2/Github/The-Bends/TheBends/Intermediate/AssetRegistryCache/e8c2d44a.bin.tmp' to 'E:/Uni Stuff/Year2/Github/The-Bends/TheBends/Intermediate/AssetRegistryCache/e8c2d44a.bin', retrying in .5s...
[2018.05.23-16.39.58:891][  0]LogFileManager:Warning: MoveFile was unable to move 'E:/Uni Stuff/Year2/Github/The-Bends/TheBends/Intermediate/AssetRegistryCache/e8c2d44a.bin.tmp' to 'E:/Uni Stuff/Year2/Github/The-Bends/TheBends/Intermediate/AssetRegistryCache/e8c2d44a.bin', retrying in .5s...
[2018.05.23-16.39.59:391][  0]LogFileManager:Error: Error moving file 'E:/Uni Stuff/Year2/Github/The-Bends/TheBends/Intermediate/AssetRegistryCache/e8c2d44a.bin.tmp' to 'E:/Uni Stuff/Year2/Github/The-Bends/TheBends/Intermediate/AssetRegistryCache/e8c2d44a.bin'.
[2018.05.23-16.39.59:457][  0]LogPackageLocalizationCache: Processed 3 localized package path(s) for 2 prioritized culture(s) in 5.137132 seconds
[2018.05.23-16.39.59:465][  0]LogUObjectArray: 32493 objects as part of root set at end of initial load.
[2018.05.23-16.39.59:465][  0]LogUObjectAllocator: 7077032 out of 0 bytes used by permanent object pool.
[2018.05.23-16.39.59:465][  0]LogUObjectArray: CloseDisregardForGC: 0/0 objects in disregard for GC pool
[2018.05.23-16.39.59:519][  0]LogInit: WinSock: version 1.1 (2.2), MaxSocks=32767, MaxUdp=65467
[2018.05.23-16.40.21:308][  0]LogAssetRegistry:Error: Failed to open file for write E:/Uni Stuff/Year2/Github/The-Bends/TheBends/Intermediate/CachedAssetRegistry.bin
[2018.05.23-16.40.22:271][  0]LogSubstanceCoreModule: Substance [CPU] Engine Loaded, Max Texture Size = 2048
[2018.05.23-16.40.22:368][  0]LogTcpMessaging: Initializing TcpMessaging bridge
[2018.05.23-16.40.22:437][  0]LogUdpMessaging: Initializing bridge on interface 0.0.0.0:0 to multicast group 230.0.0.1:6666.
[2018.05.23-16.40.24:129][  0]LogMaterial: Uniform references updated for custom material expression Custom.
[2018.05.23-16.40.25:201][  0]SourceControl: Info Source control is disabled
[2018.05.23-16.40.25:215][  0]SourceControl: Info Source control is disabled
[2018.05.23-16.40.25:315][  0]SourceControl: Info Source control is disabled
[2018.05.23-16.40.25:406][  0]SourceControl: Info Source control is disabled
[2018.05.23-16.40.28:682][  0]LogEngine: Initializing Engine...
[2018.05.23-16.40.28:843][  0]LogHMD: Failed to initialize OpenVR with code 126
[2018.05.23-16.40.29:491][  0]LogStats: UGameplayTagsManager::ConstructGameplayTagTree: Construct from data asset -  0.000 s
[2018.05.23-16.40.29:493][  0]LogStats: UGameplayTagsManager::ConstructGameplayTagTree: GameplayTagTreeChangedEvent.Broadcast -  0.000 s
[2018.05.23-16.40.30:178][  0]LogAIModule: Creating AISystem for world Untitled
[2018.05.23-16.40.30:472][  0]LogInit: XAudio2 using ' Headphones (2- High Definition Audio Device)' : 2 channels at 48 kHz using 16 bits per sample (channel mask 0x3)
[2018.05.23-16.40.30:487][  0]LogInit: FAudioDevice initialized.
[2018.05.23-16.40.30:529][  0]LogDerivedDataCache: Saved boot cache 0.04s 51MB C:/Users/lukem/AppData/Local/UnrealEngine/4.15/DerivedDataCache/Boot.ddc.
[2018.05.23-16.40.30:545][  0]LogInit: Texture streaming: Enabled
[2018.05.23-16.40.30:710][  0]LogEngineSessionManager: EngineSessionManager initialized
[2018.05.23-16.40.30:985][  0]LogInit: Transaction tracking system initialized
[2018.05.23-16.40.31:684][  0]BlueprintLog: New page: Editor Load
[2018.05.23-16.40.33:635][  0]LocalizationService: Info Localization service is disabled
[2018.05.23-16.40.35:059][  0]LogConsoleResponse:Display: 
[2018.05.23-16.40.37:834][  0]LogFileCache: Scanning file cache for directory 'E:/Uni Stuff/Year2/Github/The-Bends/TheBends/Content/' took 0.03s
[2018.05.23-16.40.37:834][  0]LogCook:Display: Max memory allowance for cook 16384mb min free memory 0mb
[2018.05.23-16.40.37:835][  0]LogCook:Display: Mobile HDR setting 1
[2018.05.23-16.40.42:590][  0]SourceControl: Info Source control is disabled
[2018.05.23-16.40.42:646][  0]Cmd: MAP LOAD FILE="E:/Uni Stuff/Year2/Github/The-Bends/TheBends/Content/VirtualRealityBP/Maps/StartupMap.umap" TEMPLATE=0 SHOWPROGRESS=1 FEATURELEVEL=3
[2018.05.23-16.40.42:748][  0]LightingResults: New page: Lighting Build
[2018.05.23-16.40.43:049][  0]MapCheck: New page: Map Check
[2018.05.23-16.40.43:049][  0]LightingResults: New page: Lighting Build
[2018.05.23-16.40.44:262][  0]LogClass:Warning: Enum '/Game/ExampleContent/VR_Trace_Interaction/Blueprints/Enums/EInteractionTraceTypes.EInteractionTraceTypes' was upgraded to use FText to store its display name data. Please re-save this asset to avoid issues with localization and determinstic cooking.
[2018.05.23-16.40.45:233][  0]LogClass:Warning: Enum '/Game/ExampleContent/VR_World_Interaction/Blueprints/FeedbackEffects/EFeedbackIntensity.EFeedbackIntensity' was upgraded to use FText to store its display name data. Please re-save this asset to avoid issues with localization and determinstic cooking.
[2018.05.23-16.40.45:233][  0]LogClass:Warning: Enum '/Game/ExampleContent/VR_World_Interaction/Blueprints/FeedbackEffects/EFeedbackType.EFeedbackType' was upgraded to use FText to store its display name data. Please re-save this asset to avoid issues with localization and determinstic cooking.
[2018.05.23-16.40.55:112][  0]LogClass:Warning: Enum '/Game/Blueprints/Enum/EHeadsetEnum.EHeadsetEnum' was upgraded to use FText to store its display name data. Please re-save this asset to avoid issues with localization and determinstic cooking.
[2018.05.23-16.40.55:387][  0]LogAIModule: Creating AISystem for world StartupMap
[2018.05.23-16.40.55:887][  0]LogScriptCore:Warning: Script Msg: Attempted to access index 0 from array inEars of length 0!
[2018.05.23-16.40.55:887][  0]LogScriptCore:Warning: Script Msg: Attempted to access index 0 from array inEars of length 0!
[2018.05.23-16.40.55:887][  0]LogScriptCore:Warning: Script Msg: Attempted to access index 0 from array inEars of length 0!
[2018.05.23-16.40.55:887][  0]LogScriptCore:Warning: Script Msg: Attempted to access index 0 from array inEars of length 0!
[2018.05.23-16.40.55:887][  0]LogScriptCore:Warning: Script Msg: Attempted to access index 0 from array inEars of length 0!
[2018.05.23-16.40.55:887][  0]LogScriptCore:Warning: Script Msg: Attempted to access index 0 from array inEars of length 0!
[2018.05.23-16.40.55:924][  0]LogScriptCore:Warning: Script Msg: Attempted to access index 0 from array inEars of length 0!
[2018.05.23-16.40.55:924][  0]LogScriptCore:Warning: Script Msg: Attempted to access index 0 from array inEars of length 0!
[2018.05.23-16.40.55:924][  0]LogScriptCore:Warning: Script Msg: Attempted to access index 0 from array inEars of length 0!
[2018.05.23-16.40.55:924][  0]LogScriptCore:Warning: Script Msg: Attempted to access index 0 from array inEars of length 0!
[2018.05.23-16.40.55:924][  0]LogScriptCore:Warning: Script Msg: Attempted to access index 0 from array inEars of length 0!
[2018.05.23-16.40.55:924][  0]LogScriptCore:Warning: Script Msg: Attempted to access index 0 from array inEars of length 0!
[2018.05.23-16.40.56:105][  0]LogEditorServer: Finished looking for orphan Actors (0.000 secs)
[2018.05.23-16.40.56:185][  0]Cmd: MAP CHECKDEP NOCLEARLOG
[2018.05.23-16.40.56:294][  0]MapCheck: Info Map check complete: 0 Error(s), 0 Warning(s), took 109.169ms to complete.
[2018.05.23-16.40.56:295][  0]LogFileHelpers: Loading map 'StartupMap' took 13.680
[2018.05.23-16.40.58:587][  0]LogCollectionManager: Loaded 0 collections in 0.002103 seconds
[2018.05.23-16.40.58:750][  0]LogFileCache: Scanning file cache for directory 'E:/Uni Stuff/Year2/Github/The-Bends/TheBends/Saved/Collections/' took 0.01s
[2018.05.23-16.40.58:750][  0]LogFileCache: Scanning file cache for directory 'E:/Uni Stuff/Year2/Github/The-Bends/TheBends/Content/Developers/lukem/Collections/' took 0.01s
[2018.05.23-16.40.58:750][  0]LogFileCache: Scanning file cache for directory 'E:/Uni Stuff/Year2/Github/The-Bends/TheBends/Content/Collections/' took 0.01s
[2018.05.23-16.40.58:750][  0]LogCollectionManager: Rebuilt the GUID cache for 0 collections in 0.000003 seconds
[2018.05.23-16.40.58:783][  0]LogContentBrowser: Native class hierarchy populated in 0.0138 seconds. Added 2259 classes and 459 folders.
[2018.05.23-16.40.58:974][  0]LogContentBrowser: Native class hierarchy updated for 'WidgetCarousel' in 0.0006 seconds. Added 0 classes and 0 folders.
[2018.05.23-16.41.01:391][  0]LogContentBrowser: Native class hierarchy updated for 'AddContentDialog' in 0.0007 seconds. Added 0 classes and 0 folders.
[2018.05.23-16.41.01:510][  0]LogContentBrowser: Native class hierarchy updated for 'SceneOutliner' in 0.0006 seconds. Added 1 classes and 2 folders.
[2018.05.23-16.41.02:588][  0]LogCrashTracker: Crashtracker disabled due to settings.
[2018.05.23-16.41.02:782][  0]LogUObjectGlobals:Warning: Failed to find object 'Class None.'
[2018.05.23-16.41.02:951][  0]LogContentBrowser: Native class hierarchy updated for 'HierarchicalLODOutliner' in 0.0007 seconds. Added 1 classes and 2 folders.
[2018.05.23-16.41.02:952][  0]LogLoad: (Engine Initialization) Total time: 85.10 seconds
[2018.05.23-16.41.02:952][  0]LogLoad: (Engine Initialization) Total Blueprint compile time: 1.63 seconds
[2018.05.23-16.41.02:952][  0]LogExternalProfiler: No external profilers were discovered.  External profiling features will not be available.
[2018.05.23-16.41.03:044][  0]LogWindowsTextInputMethodSystem:Display: IME system now deactivated.
[2018.05.23-16.41.03:045][  0]LogOcInput: OculusInput pre-init called
[2018.05.23-16.41.03:642][  0]LogContentStreaming: Texture pool size now 1000 MB
[2018.05.23-16.41.03:773][  0]LogSlate: Took 0.016799 seconds to synchronously load lazily loaded font '../../../Engine/Content/Slate/Fonts/Roboto-Regular.ttf' (155K)
[2018.05.23-16.41.03:810][  0]LogSlate: Took 0.013308 seconds to synchronously load lazily loaded font '../../../Engine/Content/Slate/Fonts/Roboto-Bold.ttf' (160K)
[2018.05.23-16.41.03:857][  0]LogSlate: Took 0.013770 seconds to synchronously load lazily loaded font '../../../Engine/Content/Editor/Slate/Fonts/FontAwesome.ttf' (139K)
[2018.05.23-16.41.04:997][  0]LogRenderer: Reallocating scene render targets to support 1208x556 NumSamples 1 (Frame:2).
[2018.05.23-16.41.04:998][  0]LogSlate: Took 0.029058 seconds to synchronously load lazily loaded font '../../../Engine/Content/Slate/Fonts/Roboto-Light.ttf' (159K)
[2018.05.23-16.41.05:517][  1]LogCollectionManager: Rebuilt the object cache for 0 collections in 0.014815 seconds (found 0 objects)
[2018.05.23-16.41.06:075][  4]LogAssetRegistry: Asset discovery search completed in 71.8804 seconds
[2018.05.23-16.41.06:075][  4]LogCollectionManager: Fixed up redirectors for 0 collections in 0.000001 seconds (updated 0 objects)
[2018.05.23-16.41.44:745][562]LogSlate: Took 0.000305 seconds to synchronously load lazily loaded font '../../../Engine/Content/Slate/Fonts/Roboto-Light.ttf' (159K)
[2018.05.23-16.41.45:131][562]LogAIModule: Creating AISystem for world The_Bends_Level_01
[2018.05.23-16.41.45:285][562]Cmd: MAP LOAD FILE="E:/Uni Stuff/Year2/Github/The-Bends/TheBends/Content/Maps/The_Bends_Level_01.umap" TEMPLATE=0 SHOWPROGRESS=1 FEATURELEVEL=3
[2018.05.23-16.41.45:285][562]LightingResults: New page: Lighting Build
[2018.05.23-16.41.45:288][562]LoadErrors: New page: Loading map: The_Bends_Level_01.umap
[2018.05.23-16.41.45:303][562]MapCheck: New page: Map Check
[2018.05.23-16.41.45:303][562]LightingResults: New page: Lighting Build
[2018.05.23-16.41.45:507][562]LogEditorServer: Finished looking for orphan Actors (0.000 secs)
[2018.05.23-16.41.45:561][562]Cmd: MAP CHECKDEP NOCLEARLOG
[2018.05.23-16.41.45:649][562]MapCheck: Info Map check complete: 0 Error(s), 0 Warning(s), took 88.028ms to complete.
[2018.05.23-16.41.45:650][562]LogFileHelpers: Loading map 'The_Bends_Level_01' took 0.403
[2018.05.23-16.42.02:175][269]LogEditorViewport: Clicking on Actor (LMB): StaticMeshActor (Section_Engi_Wall_67)
[2018.05.23-16.42.03:259][285]LogEditorViewport: Clicking on Actor (LMB): StaticMeshActor (Section_Engi_Wall_67)
[2018.05.23-16.42.11:765][947]Cmd: TRANSACTION UNDO
[2018.05.23-16.42.11:765][947]LogEditorTransaction: Undo Move Actors
[2018.05.23-16.42.11:852][947]LogSlate: Took 0.000431 seconds to synchronously load lazily loaded font '../../../Engine/Content/Slate/Fonts/Roboto-Light.ttf' (159K)
[2018.05.23-16.42.12:385][983]Cmd: MODE GRID=1
[2018.05.23-16.42.20:310][640]LogActorFactory: Actor Factory created Section_Engi_Railings_Cornor
[2018.05.23-16.43.35:120][779]LogStaticMesh: Building static mesh Section_Engi_Railings_Double...
[2018.05.23-16.43.35:173][779]LogStaticMesh: Built static mesh [0.06s] /Game/Geometry/Engnerring/Other/Section_Engi_Railings_Double.Section_Engi_Railings_Double
[2018.05.23-16.43.35:235][781]LogActorFactory: Actor Factory created Section_Engi_Railings_Double
[2018.05.23-16.43.36:365][870]LogActorFactory: Actor Factory created Section_Engi_Railings_Double
[2018.05.23-16.43.43:963][533]LogEditorViewport: Clicking on Actor (LMB): StaticMeshActor (Section_Engi_Wall_97)
[2018.05.23-16.43.46:182][694]LogEditorViewport: Clicking on Actor (LMB): StaticMeshActor (Section_Engi_Railings_Double)
[2018.05.23-16.44.12:604][835]LogEditorViewport: Clicking on Actor (CTRL LMB): StaticMeshActor (Section_Engi_Wall_97)
[2018.05.23-16.44.13:278][883]LogEditorViewport: Clicking on Actor (LMB): StaticMeshActor (Section_Engi_Railings_Double)
[2018.05.23-16.44.38:818][ 46]LogEditorViewport: Clicking on Actor (CTRL LMB): StaticMeshActor (Section_Engi_Railings_Double)
[2018.05.23-16.44.39:910][132]LogEditorViewport: Clicking on Actor (CTRL LMB): StaticMeshActor (Section_Engi_Wall_97)
[2018.05.23-16.45.44:921][770]LogEditorViewport: Clicking on Actor (LMB): StaticMeshActor (Section_Engi_Railings_Double5)
[2018.05.23-16.45.46:038][861]Cmd: DELETE
[2018.05.23-16.45.46:038][861]Cmd: ACTOR DELETE
[2018.05.23-16.45.46:041][861]LogEditorActor: Deleted Actor: StaticMeshActor
[2018.05.23-16.45.46:053][861]LogEditorActor: Deleted 1 Actors (0.014 secs)
[2018.05.23-16.45.51:345][428]Cmd: TRANSACTION UNDO
[2018.05.23-16.45.51:345][428]LogEditorTransaction: Undo Delete Actors
[2018.05.23-16.45.53:265][569]LogEditorViewport: Clicking Background
[2018.05.23-16.46.41:776][885]LogEditorViewport: Clicking on Actor (LMB): StaticMeshActor (Section_Engi_Floor_101)
[2018.05.23-16.46.42:355][929]LogEditorViewport: Clicking on Actor (CTRL LMB): StaticMeshActor (Section_Engi_Floor_99)
[2018.05.23-16.46.43:205][996]LogEditorViewport: Clicking on Actor (CTRL LMB): StaticMeshActor (Section_Engi_Floor_100)
[2018.05.23-16.46.43:863][ 43]LogEditorViewport: Clicking on Actor (CTRL LMB): StaticMeshActor (Section_Engi_Floor_103)
[2018.05.23-16.46.44:325][ 77]LogEditorViewport: Clicking on Actor (CTRL LMB): StaticMeshActor (Section_Engi_Floor_102)
[2018.05.23-16.46.45:194][146]LogEditorViewport: Clicking on Actor (CTRL LMB): StaticMeshActor (Section_Engi_Floor_104)
[2018.05.23-16.46.57:929][154]LogEditorViewport: Clicking on Actor (LMB): StaticMeshActor (Section_Engi_Floor_101)
[2018.05.23-16.47.11:014][153]Cmd: TRANSACTION UNDO
[2018.05.23-16.47.11:014][153]LogEditorTransaction: Undo Move Actors
[2018.05.23-16.47.11:021][153]LogActorComponent: ~FComponentReregisterContext: (/Game/Maps/The_Bends_Level_01.The_Bends_Level_01:PersistentLevel.Section_Engi_Floor_108.StaticMeshComponent0) Component already registered.
[2018.05.23-16.47.11:021][153]LogActorComponent: ~FComponentReregisterContext: (/Game/Maps/The_Bends_Level_01.The_Bends_Level_01:PersistentLevel.Section_Engi_Floor_110.StaticMeshComponent0) Component already registered.
[2018.05.23-16.47.11:022][153]LogActorComponent: ~FComponentReregisterContext: (/Game/Maps/The_Bends_Level_01.The_Bends_Level_01:PersistentLevel.Section_Engi_Floor_115.StaticMeshComponent0) Component already registered.
[2018.05.23-16.47.11:022][153]LogActorComponent: ~FComponentReregisterContext: (/Game/Maps/The_Bends_Level_01.The_Bends_Level_01:PersistentLevel.Section_Engi_Floor_93.StaticMeshComponent0) Component already registered.
[2018.05.23-16.47.11:023][153]LogActorComponent: ~FComponentReregisterContext: (/Game/Maps/The_Bends_Level_01.The_Bends_Level_01:PersistentLevel.Section_Engi_Floor_95.StaticMeshComponent0) Component already registered.
[2018.05.23-16.47.11:023][153]LogActorComponent: ~FComponentReregisterContext: (/Game/Maps/The_Bends_Level_01.The_Bends_Level_01:PersistentLevel.Section_Engi_Floor_117.StaticMeshComponent0) Component already registered.
[2018.05.23-16.47.11:023][153]LogActorComponent: ~FComponentReregisterContext: (/Game/Maps/The_Bends_Level_01.The_Bends_Level_01:PersistentLevel.Section_Engi_Floor_466.StaticMeshComponent0) Component already registered.
[2018.05.23-16.47.11:024][153]LogActorComponent: ~FComponentReregisterContext: (/Game/Maps/The_Bends_Level_01.The_Bends_Level_01:PersistentLevel.Section_Engi_Floor_140.StaticMeshComponent0) Component already registered.
[2018.05.23-16.47.11:025][153]LogActorComponent: ~FComponentReregisterContext: (/Game/Maps/The_Bends_Level_01.The_Bends_Level_01:PersistentLevel.Section_Engi_Floor_142.StaticMeshComponent0) Component already registered.
[2018.05.23-16.47.11:025][153]LogActorComponent: ~FComponentReregisterContext: (/Game/Maps/The_Bends_Level_01.The_Bends_Level_01:PersistentLevel.Section_Engi_Floor_151.StaticMeshComponent0) Component already registered.
[2018.05.23-16.47.11:026][153]LogActorComponent: ~FComponentReregisterContext: (/Game/Maps/The_Bends_Level_01.The_Bends_Level_01:PersistentLevel.Section_Engi_Floor_160.StaticMeshComponent0) Component already registered.
[2018.05.23-16.47.11:026][153]LogActorComponent: ~FComponentReregisterContext: (/Game/Maps/The_Bends_Level_01.The_Bends_Level_01:PersistentLevel.Section_Engi_Floor_122.StaticMeshComponent0) Component already registered.
[2018.05.23-16.47.11:027][153]LogActorComponent: ~FComponentReregisterContext: (/Game/Maps/The_Bends_Level_01.The_Bends_Level_01:PersistentLevel.Section_Engi_Floor_124.StaticMeshComponent0) Component already registered.
[2018.05.23-16.47.11:027][153]LogActorComponent: ~FComponentReregisterContext: (/Game/Maps/The_Bends_Level_01.The_Bends_Level_01:PersistentLevel.Section_Engi_Floor_129.StaticMeshComponent0) Component already registered.
[2018.05.23-16.47.11:028][153]LogActorComponent: ~FComponentReregisterContext: (/Game/Maps/The_Bends_Level_01.The_Bends_Level_01:PersistentLevel.Section_Engi_Floor_131.StaticMeshComponent0) Component already registered.
[2018.05.23-16.47.18:097][652]Cmd: TRANSACTION UNDO
[2018.05.23-16.47.18:097][652]LogEditorTransaction: Undo Rotate Actors
[2018.05.23-16.47.18:103][652]LogActorComponent: ~FComponentReregisterContext: (/Game/Maps/The_Bends_Level_01.The_Bends_Level_01:PersistentLevel.Section_Engi_Floor_163.StaticMeshComponent0) Component already registered.
[2018.05.23-16.47.18:104][652]LogActorComponent: ~FComponentReregisterContext: (/Game/Maps/The_Bends_Level_01.The_Bends_Level_01:PersistentLevel.Section_Engi_Floor_165.StaticMeshComponent0) Component already registered.
[2018.05.23-16.47.18:104][652]LogActorComponent: ~FComponentReregisterContext: (/Game/Maps/The_Bends_Level_01.The_Bends_Level_01:PersistentLevel.Section_Engi_Floor_170.StaticMeshComponent0) Component already registered.
[2018.05.23-16.47.18:105][652]LogActorComponent: ~FComponentReregisterContext: (/Game/Maps/The_Bends_Level_01.The_Bends_Level_01:PersistentLevel.Section_Engi_Floor_139.StaticMeshComponent0) Component already registered.
[2018.05.23-16.47.18:106][652]LogActorComponent: ~FComponentReregisterContext: (/Game/Maps/The_Bends_Level_01.The_Bends_Level_01:PersistentLevel.Section_Engi_Floor_147.StaticMeshComponent0) Component already registered.
[2018.05.23-16.47.18:106][652]LogActorComponent: ~FComponentReregisterContext: (/Game/Maps/The_Bends_Level_01.The_Bends_Level_01:PersistentLevel.Section_Engi_Floor_172.StaticMeshComponent0) Component already registered.
[2018.05.23-16.47.18:106][652]LogActorComponent: ~FComponentReregisterContext: (/Game/Maps/The_Bends_Level_01.The_Bends_Level_01:PersistentLevel.Section_Engi_Floor_154.StaticMeshComponent0) Component already registered.
[2018.05.23-16.47.18:108][652]LogActorComponent: ~FComponentReregisterContext: (/Game/Maps/The_Bends_Level_01.The_Bends_Level_01:PersistentLevel.Section_Engi_Floor_191.StaticMeshComponent0) Component already registered.
[2018.05.23-16.47.18:108][652]LogActorComponent: ~FComponentReregisterContext: (/Game/Maps/The_Bends_Level_01.The_Bends_Level_01:PersistentLevel.Section_Engi_Floor_193.StaticMeshComponent0) Component already registered.
[2018.05.23-16.47.18:108][652]LogActorComponent: ~FComponentReregisterContext: (/Game/Maps/The_Bends_Level_01.The_Bends_Level_01:PersistentLevel.Section_Engi_Floor_198.StaticMeshComponent0) Component already registered.
[2018.05.23-16.47.18:109][652]LogActorComponent: ~FComponentReregisterContext: (/Game/Maps/The_Bends_Level_01.The_Bends_Level_01:PersistentLevel.Section_Engi_Floor_200.StaticMeshComponent0) Component already registered.
[2018.05.23-16.47.18:109][652]LogActorComponent: ~FComponentReregisterContext: (/Game/Maps/The_Bends_Level_01.The_Bends_Level_01:PersistentLevel.Section_Engi_Floor_177.StaticMeshComponent0) Component already registered.
[2018.05.23-16.47.18:110][652]LogActorComponent: ~FComponentReregisterContext: (/Game/Maps/The_Bends_Level_01.The_Bends_Level_01:PersistentLevel.Section_Engi_Floor_179.StaticMeshComponent0) Component already registered.
[2018.05.23-16.47.18:110][652]LogActorComponent: ~FComponentReregisterContext: (/Game/Maps/The_Bends_Level_01.The_Bends_Level_01:PersistentLevel.Section_Engi_Floor_184.StaticMeshComponent0) Component already registered.
[2018.05.23-16.47.18:111][652]LogActorComponent: ~FComponentReregisterContext: (/Game/Maps/The_Bends_Level_01.The_Bends_Level_01:PersistentLevel.Section_Engi_Floor_186.StaticMeshComponent0) Component already registered.
[2018.05.23-16.47.19:459][744]LogEditorViewport: Clicking on Actor (context menu): StaticMeshActor (Section_Engi_Floor_181)
[2018.05.23-16.47.21:986][869]Cmd: ACTOR MIRROR Y=-1
[2018.05.23-16.47.23:001][942]Cmd: TRANSACTION UNDO
[2018.05.23-16.47.23:001][942]LogEditorTransaction: Undo Mirroring Actors
[2018.05.23-16.47.23:008][942]LogActorComponent: ~FComponentReregisterContext: (/Game/Maps/The_Bends_Level_01.The_Bends_Level_01:PersistentLevel.Section_Engi_Floor_163.StaticMeshComponent0) Component already registered.
[2018.05.23-16.47.23:008][942]LogActorComponent: ~FComponentReregisterContext: (/Game/Maps/The_Bends_Level_01.The_Bends_Level_01:PersistentLevel.Section_Engi_Floor_165.StaticMeshComponent0) Component already registered.
[2018.05.23-16.47.23:009][942]LogActorComponent: ~FComponentReregisterContext: (/Game/Maps/The_Bends_Level_01.The_Bends_Level_01:PersistentLevel.Section_Engi_Floor_170.StaticMeshComponent0) Component already registered.
[2018.05.23-16.47.23:010][942]LogActorComponent: ~FComponentReregisterContext: (/Game/Maps/The_Bends_Level_01.The_Bends_Level_01:PersistentLevel.Section_Engi_Floor_139.StaticMeshComponent0) Component already registered.
[2018.05.23-16.47.23:010][942]LogActorComponent: ~FComponentReregisterContext: (/Game/Maps/The_Bends_Level_01.The_Bends_Level_01:PersistentLevel.Section_Engi_Floor_147.StaticMeshComponent0) Component already registered.
[2018.05.23-16.47.23:010][942]LogActorComponent: ~FComponentReregisterContext: (/Game/Maps/The_Bends_Level_01.The_Bends_Level_01:PersistentLevel.Section_Engi_Floor_172.StaticMeshComponent0) Component already registered.
[2018.05.23-16.47.23:011][942]LogActorComponent: ~FComponentReregisterContext: (/Game/Maps/The_Bends_Level_01.The_Bends_Level_01:PersistentLevel.Section_Engi_Floor_154.StaticMeshComponent0) Component already registered.
[2018.05.23-16.47.23:012][942]LogActorComponent: ~FComponentReregisterContext: (/Game/Maps/The_Bends_Level_01.The_Bends_Level_01:PersistentLevel.Section_Engi_Floor_191.StaticMeshComponent0) Component already registered.
[2018.05.23-16.47.23:012][942]LogActorComponent: ~FComponentReregisterContext: (/Game/Maps/The_Bends_Level_01.The_Bends_Level_01:PersistentLevel.Section_Engi_Floor_193.StaticMeshComponent0) Component already registered.
[2018.05.23-16.47.23:013][942]LogActorComponent: ~FComponentReregisterContext: (/Game/Maps/The_Bends_Level_01.The_Bends_Level_01:PersistentLevel.Section_Engi_Floor_198.StaticMeshComponent0) Component already registered.
[2018.05.23-16.47.23:013][942]LogActorComponent: ~FComponentReregisterContext: (/Game/Maps/The_Bends_Level_01.The_Bends_Level_01:PersistentLevel.Section_Engi_Floor_200.StaticMeshComponent0) Component already registered.
[2018.05.23-16.47.23:014][942]LogActorComponent: ~FComponentReregisterContext: (/Game/Maps/The_Bends_Level_01.The_Bends_Level_01:PersistentLevel.Section_Engi_Floor_177.StaticMeshComponent0) Component already registered.
[2018.05.23-16.47.23:014][942]LogActorComponent: ~FComponentReregisterContext: (/Game/Maps/The_Bends_Level_01.The_Bends_Level_01:PersistentLevel.Section_Engi_Floor_179.StaticMeshComponent0) Component already registered.
[2018.05.23-16.47.23:015][942]LogActorComponent: ~FComponentReregisterContext: (/Game/Maps/The_Bends_Level_01.The_Bends_Level_01:PersistentLevel.Section_Engi_Floor_184.StaticMeshComponent0) Component already registered.
[2018.05.23-16.47.23:015][942]LogActorComponent: ~FComponentReregisterContext: (/Game/Maps/The_Bends_Level_01.The_Bends_Level_01:PersistentLevel.Section_Engi_Floor_186.StaticMeshComponent0) Component already registered.
[2018.05.23-16.47.23:913][991]LogEditorViewport: Clicking on Actor (context menu): StaticMeshActor (Section_Engi_Floor_186)
[2018.05.23-16.47.30:274][137]LogEditorViewport: Clicking on Actor (context menu): StaticMeshActor (Section_Engi_Floor_181)
[2018.05.23-16.47.45:455][993]Cmd: ACTOR MIRROR Z=-1
[2018.05.23-16.47.59:230][963]LogEditorViewport: Clicking on Actor (LMB): StaticMeshActor (Section_Engi_Floor_195)
[2018.05.23-16.47.59:904][999]LogEditorViewport: Clicking on Actor (CTRL LMB): StaticMeshActor (Section_Engi_Floor_199)
[2018.05.23-16.48.00:381][ 34]LogEditorViewport: Clicking on Actor (CTRL LMB): StaticMeshActor (Section_Engi_Floor_200)
[2018.05.23-16.48.00:698][ 55]LogEditorViewport: Clicking on Actor (CTRL LMB): StaticMeshActor (Section_Engi_Floor_196)
[2018.05.23-16.48.07:373][590]LogEditorViewport: Clicking on Actor (LMB): StaticMeshActor (Section_Engi_Floor_197)
[2018.05.23-16.48.07:880][622]LogEditorViewport: Clicking on Actor (CTRL LMB): StaticMeshActor (Section_Engi_Floor_186)
[2018.05.23-16.48.08:293][651]LogEditorViewport: Clicking on Actor (CTRL LMB): StaticMeshActor (Section_Engi_Floor_189)
[2018.05.23-16.48.08:630][674]LogEditorViewport: Clicking on Actor (CTRL LMB): StaticMeshActor (Section_Engi_Floor_198)
[2018.05.23-16.48.34:667][918]LogEditorViewport: Clicking Background
[2018.05.23-16.48.59:359][557]LogEditorViewport: Clicking on Actor (LMB): StaticMeshActor (Section_B_2_DoorWay30)
[2018.05.23-16.49.00:995][690]LogEditorViewport: Clicking on Actor (LMB): StaticMeshActor (Section_B_2_DoorWay34)
[2018.05.23-16.49.06:097][  3]LogRenderer: Reallocating scene render targets to support 1432x924 NumSamples 1 (Frame:45424).
[2018.05.23-16.49.11:439][286]Cmd: QUIT_EDITOR
[2018.05.23-16.49.11:594][286]LogWindowsTextInputMethodSystem:Display: IME system now deactivated.
[2018.05.23-16.49.11:648][286]LogExit: Preparing to exit.
[2018.05.23-16.49.13:091][286]LogExit: Editor shut down
[2018.05.23-16.49.13:091][286]LogExit: Transaction tracking system shut down
[2018.05.23-16.49.13:683][286]LogObj: Freed 0b from 0 cluster array pools.
[2018.05.23-16.49.13:684][286]LogExit: Object subsystem successfully closed.
[2018.05.23-16.49.13:782][286]LogD3D11RHI: Shutdown
[2018.05.23-16.49.13:782][286]LogD3D11RHI: CleanupD3DDevice
[2018.05.23-16.49.13:940][286]LogD3D11RHI: ~FD3D11DynamicRHI
[2018.05.23-16.49.14:333][286]LogModuleManager: Shutting down and abandoning module StaticMeshEditor (506)
[2018.05.23-16.49.14:334][286]LogModuleManager: Shutting down and abandoning module HierarchicalLODUtilities (504)
[2018.05.23-16.49.14:334][286]LogModuleManager: Shutting down and abandoning module HierarchicalLODOutliner (502)
[2018.05.23-16.49.14:334][286]LogModuleManager: Shutting down and abandoning module CrashTracker (500)
[2018.05.23-16.49.14:334][286]LogModuleManager: Shutting down and abandoning module SceneOutliner (498)
[2018.05.23-16.49.14:334][286]LogModuleManager: Shutting down and abandoning module AddContentDialog (496)
[2018.05.23-16.49.14:341][286]LogDirectoryWatcher: A directory notification for 'D:/UE/UE_4.15/FeaturePacks/' was aborted.
[2018.05.23-16.49.14:343][286]LogModuleManager: Shutting down and abandoning module WidgetCarousel (495)
[2018.05.23-16.49.14:343][286]LogModuleManager: Shutting down and abandoning module EditorWidgets (492)
[2018.05.23-16.49.14:343][286]LogModuleManager: Shutting down and abandoning module CollectionManager (490)
[2018.05.23-16.49.14:344][286]LogDirectoryWatcher: A directory notification for 'E:/Uni Stuff/Year2/Github/The-Bends/TheBends/Content/Collections/' was aborted.
[2018.05.23-16.49.14:344][286]LogDirectoryWatcher: A directory notification for 'E:/Uni Stuff/Year2/Github/The-Bends/TheBends/Content/Developers/lukem/Collections/' was aborted.
[2018.05.23-16.49.14:344][286]LogDirectoryWatcher: A directory notification for 'E:/Uni Stuff/Year2/Github/The-Bends/TheBends/Saved/Collections/' was aborted.
[2018.05.23-16.49.14:344][286]LogModuleManager: Shutting down and abandoning module StatsViewer (488)
[2018.05.23-16.49.14:353][286]LogModuleManager: Shutting down and abandoning module FoliageEdit (486)
[2018.05.23-16.49.14:353][286]LogModuleManager: Shutting down and abandoning module LandscapeEditor (484)
[2018.05.23-16.49.14:366][286]LogModuleManager: Shutting down and abandoning module SceneDepthPickerMode (482)
[2018.05.23-16.49.14:367][286]LogModuleManager: Shutting down and abandoning module ActorPickerMode (480)
[2018.05.23-16.49.14:367][286]LogModuleManager: Shutting down and abandoning module GeometryMode (478)
[2018.05.23-16.49.14:367][286]LogModuleManager: Shutting down and abandoning module TextureAlignMode (476)
[2018.05.23-16.49.14:367][286]LogModuleManager: Shutting down and abandoning module BspMode (474)
[2018.05.23-16.49.14:367][286]LogModuleManager: Shutting down and abandoning module HardwareSurvey (472)
[2018.05.23-16.49.14:367][286]LogModuleManager: Shutting down and abandoning module SequenceRecorderSections (470)
[2018.05.23-16.49.14:367][286]LogModuleManager: Shutting down and abandoning module AutomationWorker (468)
[2018.05.23-16.49.14:368][286]LogModuleManager: Shutting down and abandoning module MatineeToLevelSequence (466)
[2018.05.23-16.49.14:368][286]LogModuleManager: Shutting down and abandoning module LevelSequenceEditor (464)
[2018.05.23-16.49.14:387][286]LogModuleManager: Shutting down and abandoning module PlacementMode (463)
[2018.05.23-16.49.14:387][286]LogModuleManager: Shutting down and abandoning module WmfMediaFactory (460)
[2018.05.23-16.49.14:387][286]LogModuleManager: Shutting down and abandoning module WmfMediaEditor (458)
[2018.05.23-16.49.14:387][286]LogModuleManager: Shutting down and abandoning module MfMediaFactory (456)
[2018.05.23-16.49.14:387][286]LogModuleManager: Shutting down and abandoning module MfMediaEditor (454)
[2018.05.23-16.49.14:387][286]LogModuleManager: Shutting down and abandoning module AvfMediaFactory (452)
[2018.05.23-16.49.14:387][286]LogModuleManager: Shutting down and abandoning module AvfMediaEditor (450)
[2018.05.23-16.49.14:387][286]LogModuleManager: Shutting down and abandoning module AndroidMediaFactory (448)
[2018.05.23-16.49.14:387][286]LogModuleManager: Shutting down and abandoning module Media (447)
[2018.05.23-16.49.14:387][286]LogModuleManager: Shutting down and abandoning module AndroidMediaEditor (444)
[2018.05.23-16.49.14:387][286]LogModuleManager: Shutting down and abandoning module CharacterAI (442)
[2018.05.23-16.49.14:387][286]LogModuleManager: Shutting down and abandoning module AudioCapture (440)
[2018.05.23-16.49.14:387][286]LogModuleManager: Shutting down and abandoning module SequenceRecorder (439)
[2018.05.23-16.49.14:391][286]LogModuleManager: Shutting down and abandoning module SmartSnapping (436)
[2018.05.23-16.49.14:391][286]LogModuleManager: Shutting down and abandoning module SessionServices (434)
[2018.05.23-16.49.14:391][286]LogModuleManager: Shutting down and abandoning module ViewportSnapping (432)
[2018.05.23-16.49.14:391][286]LogModuleManager: Shutting down and abandoning module ViewportInteraction (430)
[2018.05.23-16.49.14:391][286]LogModuleManager: Shutting down and abandoning module LogVisualizer (428)
[2018.05.23-16.49.14:413][286]LogModuleManager: Shutting down and abandoning module IntroTutorials (426)
[2018.05.23-16.49.14:413][286]LogModuleManager: Shutting down and abandoning module GameProjectGeneration (425)
[2018.05.23-16.49.14:429][286]LogModuleManager: Shutting down and abandoning module EditorLiveStreaming (422)
[2018.05.23-16.49.14:429][286]LogModuleManager: Shutting down and abandoning module IOSPlatformEditor (420)
[2018.05.23-16.49.14:429][286]LogModuleManager: Shutting down and abandoning module HTML5PlatformEditor (418)
[2018.05.23-16.49.14:429][286]LogModuleManager: Shutting down and abandoning module AndroidPlatformEditor (416)
[2018.05.23-16.49.14:429][286]LogModuleManager: Shutting down and abandoning module AndroidDeviceDetection (415)
[2018.05.23-16.49.14:529][286]LogModuleManager: Shutting down and abandoning module IOSRuntimeSettings (412)
[2018.05.23-16.49.14:529][286]LogModuleManager: Shutting down and abandoning module AndroidRuntimeSettings (410)
[2018.05.23-16.49.14:529][286]LogModuleManager: Shutting down and abandoning module InputBindingEditor (408)
[2018.05.23-16.49.14:531][286]LogModuleManager: Shutting down and abandoning module NiagaraEditor (406)
[2018.05.23-16.49.14:548][286]LogModuleManager: Shutting down and abandoning module MergeActors (404)
[2018.05.23-16.49.14:550][286]LogModuleManager: Shutting down and abandoning module SizeMap (402)
[2018.05.23-16.49.14:550][286]LogModuleManager: Shutting down and abandoning module TreeMap (400)
[2018.05.23-16.49.14:551][286]LogModuleManager: Shutting down and abandoning module ReferenceViewer (398)
[2018.05.23-16.49.14:551][286]LogModuleManager: Shutting down and abandoning module LocalizationDashboard (396)
[2018.05.23-16.49.14:566][286]LogModuleManager: Shutting down and abandoning module LocalizationService (395)
[2018.05.23-16.49.14:576][286]LogModuleManager: Shutting down and abandoning module HardwareTargeting (392)
[2018.05.23-16.49.14:583][286]LogModuleManager: Shutting down and abandoning module DeviceProfileEditor (390)
[2018.05.23-16.49.14:583][286]LogModuleManager: Shutting down and abandoning module UndoHistory (388)
[2018.05.23-16.49.14:584][286]LogModuleManager: Shutting down and abandoning module UserFeedback (386)
[2018.05.23-16.49.14:584][286]LogModuleManager: Shutting down and abandoning module XmlParser (384)
[2018.05.23-16.49.14:584][286]LogModuleManager: Shutting down and abandoning module Blutility (382)
[2018.05.23-16.49.14:584][286]LogModuleManager: Shutting down and abandoning module ProjectSettingsViewer (380)
[2018.05.23-16.49.14:584][286]LogModuleManager: Shutting down and abandoning module ProjectTargetPlatformEditor (379)
[2018.05.23-16.49.14:585][286]LogModuleManager: Shutting down and abandoning module EditorSettingsViewer (376)
[2018.05.23-16.49.14:585][286]LogModuleManager: Shutting down and abandoning module SettingsEditor (374)
[2018.05.23-16.49.14:586][286]LogModuleManager: Shutting down and abandoning module ProjectLauncher (372)
[2018.05.23-16.49.14:601][286]LogModuleManager: Shutting down and abandoning module SessionFrontend (370)
[2018.05.23-16.49.14:609][286]LogModuleManager: Shutting down and abandoning module ProfilerClient (368)
[2018.05.23-16.49.14:618][286]LogModuleManager: Shutting down and abandoning module DeviceManager (366)
[2018.05.23-16.49.14:634][286]LogModuleManager: Shutting down and abandoning module TargetDeviceServices (365)
[2018.05.23-16.49.14:676][286]LogModuleManager: Shutting down and abandoning module AutomationController (362)
[2018.05.23-16.49.14:685][286]LogModuleManager: Shutting down and abandoning module AutomationWindow (360)
[2018.05.23-16.49.14:699][286]LogModuleManager: Shutting down and abandoning module Layers (358)
[2018.05.23-16.49.14:716][286]LogModuleManager: Shutting down and abandoning module ComponentVisualizers (356)
[2018.05.23-16.49.14:716][286]LogModuleManager: Shutting down and abandoning module DetailCustomizations (354)
[2018.05.23-16.49.14:717][286]LogModuleManager: Shutting down and abandoning module PackagesDialog (352)
[2018.05.23-16.49.14:717][286]LogModuleManager: Shutting down and abandoning module Persona (350)
[2018.05.23-16.49.14:728][286]LogModuleManager: Shutting down and abandoning module AnimGraph (349)
[2018.05.23-16.49.14:728][286]LogModuleManager: Shutting down and abandoning module Kismet (346)
[2018.05.23-16.49.14:732][286]LogModuleManager: Shutting down and abandoning module GraphEditor (344)
[2018.05.23-16.49.14:770][286]LogModuleManager: Shutting down and abandoning module ClassViewer (342)
[2018.05.23-16.49.14:770][286]LogModuleManager: Shutting down and abandoning module Toolbox (340)
[2018.05.23-16.49.14:770][286]LogModuleManager: Shutting down and abandoning module ModuleUI (338)
[2018.05.23-16.49.14:780][286]LogModuleManager: Shutting down and abandoning module MovieSceneTools (336)
[2018.05.23-16.49.14:781][286]LogModuleManager: Shutting down and abandoning module OutputLog (334)
[2018.05.23-16.49.14:781][286]LogModuleManager: Shutting down and abandoning module GammaUI (332)
[2018.05.23-16.49.14:794][286]LogModuleManager: Shutting down and abandoning module Documentation (330)
[2018.05.23-16.49.14:794][286]LogModuleManager: Shutting down and abandoning module Niagara (328)
[2018.05.23-16.49.14:794][286]LogModuleManager: Shutting down and abandoning module StreamingPauseRendering (326)
[2018.05.23-16.49.14:794][286]LogModuleManager: Shutting down and abandoning module AnalyticsET (324)
[2018.05.23-16.49.14:794][286]LogModuleManager: Shutting down and abandoning module PortalServices (322)
[2018.05.23-16.49.14:794][286]LogModuleManager: Shutting down and abandoning module PortalRpc (320)
[2018.05.23-16.49.14:794][286]LogModuleManager: Shutting down and abandoning module MessagingRpc (318)
[2018.05.23-16.49.14:794][286]LogModuleManager: Shutting down and abandoning module AIModule (316)
[2018.05.23-16.49.14:794][286]LogModuleManager: Shutting down and abandoning module GameplayDebugger (315)
[2018.05.23-16.49.14:795][286]LogModuleManager: Shutting down and abandoning module AITestSuite (313)
[2018.05.23-16.49.14:795][286]LogModuleManager: Shutting down and abandoning module ProfilerService (310)
[2018.05.23-16.49.14:836][286]LogModuleManager: Shutting down and abandoning module TaskGraph (308)
[2018.05.23-16.49.14:839][286]LogModuleManager: Shutting down and abandoning module SubstanceEditor (306)
[2018.05.23-16.49.14:850][286]LogModuleManager: Shutting down and abandoning module SteamVRController (304)
[2018.05.23-16.49.14:850][286]LogModuleManager: Shutting down and abandoning module SteamVR (302)
[2018.05.23-16.49.14:850][286]LogModuleManager: Shutting down and abandoning module ProceduralMeshComponentEditor (300)
[2018.05.23-16.49.14:850][286]LogModuleManager: Shutting down and abandoning module ProceduralMeshComponent (298)
[2018.05.23-16.49.14:850][286]LogModuleManager: Shutting down and abandoning module OculusLibrary (296)
[2018.05.23-16.49.14:850][286]LogModuleManager: Shutting down and abandoning module OculusInput (294)
[2018.05.23-16.49.14:850][286]LogModuleManager: Shutting down and abandoning module MobilePatchingUtils (292)
[2018.05.23-16.49.14:850][286]LogModuleManager: Shutting down and abandoning module CustomMeshComponent (290)
[2018.05.23-16.49.14:850][286]LogModuleManager: Shutting down and abandoning module CableComponent (288)
[2018.05.23-16.49.14:850][286]LogModuleManager: Shutting down and abandoning module ArchVisCharacter (286)
[2018.05.23-16.49.14:850][286]LogModuleManager: Shutting down and abandoning module MediaPlayerEditor (282)
[2018.05.23-16.49.14:854][286]LogModuleManager: Shutting down and abandoning module HTML5Networking (280)
[2018.05.23-16.49.14:855][286]LogModuleManager: Shutting down and abandoning module AlembicImporter (278)
[2018.05.23-16.49.14:855][286]LogModuleManager: Shutting down and abandoning module AlembicLibrary (277)
[2018.05.23-16.49.14:855][286]LogModuleManager: Shutting down and abandoning module GeometryCache (276)
[2018.05.23-16.49.14:855][286]LogModuleManager: Shutting down and abandoning module GeometryCacheEd (275)
[2018.05.23-16.49.14:855][286]LogModuleManager: Shutting down and abandoning module SuperSearchEditor (270)
[2018.05.23-16.49.14:855][286]LogModuleManager: Shutting down and abandoning module SuperSearch (269)
[2018.05.23-16.49.14:855][286]LogModuleManager: Shutting down and abandoning module SpeedTreeImporter (266)
[2018.05.23-16.49.14:855][286]LogModuleManager: Shutting down and abandoning module PluginBrowser (264)
[2018.05.23-16.49.14:869][286]LogModuleManager: Shutting down and abandoning module MobileLauncherProfileWizard (262)
[2018.05.23-16.49.14:870][286]LogModuleManager: Shutting down and abandoning module EpicSurvey (260)
[2018.05.23-16.49.14:870][286]LogModuleManager: Shutting down and abandoning module VisualStudioSourceCodeAccess (258)
[2018.05.23-16.49.14:870][286]LogModuleManager: Shutting down and abandoning module DesktopPlatform (257)
[2018.05.23-16.49.14:870][286]LogModuleManager: Shutting down and abandoning module UObjectPlugin (254)
[2018.05.23-16.49.14:870][286]LogModuleManager: Shutting down and abandoning module SubversionSourceControl (252)
[2018.05.23-16.49.14:871][286]LogModuleManager: Shutting down and abandoning module PerforceSourceControl (250)
[2018.05.23-16.49.14:873][286]LogModuleManager: Shutting down and abandoning module GitSourceControl (248)
[2018.05.23-16.49.14:874][286]LogModuleManager: Shutting down and abandoning module SourceControl (247)
[2018.05.23-16.49.14:874][286]LogModuleManager: Shutting down and abandoning module LightPropagationVolumeEditor (244)
[2018.05.23-16.49.14:874][286]LogModuleManager: Shutting down and abandoning module PaperTiledImporter (242)
[2018.05.23-16.49.14:874][286]LogModuleManager: Shutting down and abandoning module PaperSpriteSheetImporter (240)
[2018.05.23-16.49.14:874][286]LogModuleManager: Shutting down and abandoning module Paper2DEditor (238)
[2018.05.23-16.49.14:889][286]LogModuleManager: Shutting down and abandoning module MeshPaint (237)
[2018.05.23-16.49.14:889][286]LogModuleManager: Shutting down and abandoning module LevelEditor (235)
[2018.05.23-16.49.14:891][286]LogModuleManager: Shutting down and abandoning module PixelInspectorModule (234)
[2018.05.23-16.49.14:892][286]LogModuleManager: Shutting down and abandoning module MainFrame (232)
[2018.05.23-16.49.14:892][286]LogModuleManager: Shutting down and abandoning module HotReload (231)
[2018.05.23-16.49.14:893][286]LogModuleManager: Shutting down and abandoning module ContentBrowser (227)
[2018.05.23-16.49.14:894][286]LogModuleManager: Shutting down and abandoning module PhysXVehiclesEditor (224)
[2018.05.23-16.49.14:895][286]LogModuleManager: Shutting down and abandoning module PhysXVehicles (222)
[2018.05.23-16.49.14:895][286]LogModuleManager: Shutting down and abandoning module LocationServicesBPLibrary (220)
[2018.05.23-16.49.14:895][286]LogModuleManager: Shutting down and abandoning module UdpMessaging (218)
[2018.05.23-16.49.14:995][286]LogModuleManager: Shutting down and abandoning module TcpMessaging (216)
[2018.05.23-16.49.15:096][286]LogModuleManager: Shutting down and abandoning module SubstanceCore (214)
[2018.05.23-16.49.15:107][286]LogModuleManager: Shutting down and abandoning module GameplayTagsEditor (212)
[2018.05.23-16.49.15:123][286]LogModuleManager: Shutting down and abandoning module FacialAnimationEditor (210)
[2018.05.23-16.49.15:123][286]LogModuleManager: Shutting down and abandoning module FacialAnimation (208)
[2018.05.23-16.49.15:123][286]LogModuleManager: Shutting down and abandoning module LightPropagationVolumeRuntime (206)
[2018.05.23-16.49.15:123][286]LogModuleManager: Shutting down and abandoning module Paper2D (204)
[2018.05.23-16.49.15:123][286]LogModuleManager: Shutting down and abandoning module WindowsMoviePlayer (202)
[2018.05.23-16.49.15:123][286]LogModuleManager: Shutting down and abandoning module WmfMedia (200)
[2018.05.23-16.49.15:126][286]LogModuleManager: Shutting down and abandoning module MfMedia (198)
[2018.05.23-16.49.15:126][286]LogModuleManager: Shutting down and abandoning module MediaAssets (196)
[2018.05.23-16.49.15:126][286]LogModuleManager: Shutting down and abandoning module GameLiveStreaming (194)
[2018.05.23-16.49.15:126][286]LogModuleManager: Shutting down and abandoning module VREditor (192)
[2018.05.23-16.49.15:126][286]LogModuleManager: Shutting down and abandoning module GameplayTasksEditor (190)
[2018.05.23-16.49.15:126][286]LogModuleManager: Shutting down and abandoning module BehaviorTreeEditor (188)
[2018.05.23-16.49.15:157][286]LogModuleManager: Shutting down and abandoning module FunctionalTesting (186)
[2018.05.23-16.49.15:158][286]LogModuleManager: Shutting down and abandoning module CollisionAnalyzer (184)
[2018.05.23-16.49.15:160][286]LogModuleManager: Shutting down and abandoning module UMG (182)
[2018.05.23-16.49.15:175][286]LogModuleManager: Shutting down and abandoning module UMGEditor (181)
[2018.05.23-16.49.15:194][286]LogModuleManager: Shutting down and abandoning module Sequencer (180)
[2018.05.23-16.49.15:217][286]LogModuleManager: Shutting down and abandoning module AssetTools (178)
[2018.05.23-16.49.15:231][286]LogModuleManager: Shutting down and abandoning module MessageLog (177)
[2018.05.23-16.49.15:231][286]LogModuleManager: Shutting down and abandoning module WorkspaceMenuStructure (176)
[2018.05.23-16.49.15:231][286]LogModuleManager: Shutting down and abandoning module SlateReflector (170)
[2018.05.23-16.49.15:249][286]LogModuleManager: Shutting down and abandoning module Slate (168)
[2018.05.23-16.49.15:250][286]LogModuleManager: Shutting down and abandoning module EditorStyle (166)
[2018.05.23-16.49.15:252][286]LogModuleManager: Shutting down and abandoning module SourceCodeAccess (164)
[2018.05.23-16.49.15:268][286]LogModuleManager: Shutting down and abandoning module HeadMountedDisplay (162)
[2018.05.23-16.49.15:268][286]LogModuleManager: Shutting down and abandoning module XAudio2 (160)
[2018.05.23-16.49.15:268][286]LogModuleManager: Shutting down and abandoning module Networking (158)
[2018.05.23-16.49.15:268][286]LogModuleManager: Shutting down and abandoning module Core (154)
[2018.05.23-16.49.15:268][286]LogModuleManager: Shutting down and abandoning module AssetRegistry (152)
[2018.05.23-16.49.15:810][286]LogDirectoryWatcher: A directory notification for '../../../Engine/Content/' was aborted.
[2018.05.23-16.49.15:810][286]LogDirectoryWatcher: A directory notification for 'E:/Uni Stuff/Year2/Github/The-Bends/TheBends/Content/' was aborted.
[2018.05.23-16.49.15:810][286]LogDirectoryWatcher: A directory notification for '../../../Engine/Plugins/2D/Paper2D/Content/' was aborted.
[2018.05.23-16.49.15:811][286]LogModuleManager: Shutting down and abandoning module DirectoryWatcher (151)
[2018.05.23-16.49.15:811][286]LogModuleManager: Shutting down and abandoning module KismetCompiler (148)
[2018.05.23-16.49.15:811][286]LogModuleManager: Shutting down and abandoning module PhysXFormats (146)
[2018.05.23-16.49.15:811][286]LogModuleManager: Shutting down and abandoning module MeshUtilities (144)
[2018.05.23-16.49.15:812][286]LogModuleManager: Shutting down and abandoning module SimplygonSwarm (143)
[2018.05.23-16.49.15:813][286]LogModuleManager: Shutting down and abandoning module SimplygonMeshReduction (141)
[2018.05.23-16.49.15:813][286]LogModuleManager: Shutting down and abandoning module QuadricMeshReduction (139)
[2018.05.23-16.49.15:813][286]LogModuleManager: Shutting down and abandoning module PropertyEditor (137)
[2018.05.23-16.49.15:813][286]LogModuleManager: Shutting down and abandoning module DerivedDataCache (134)
[2018.05.23-16.49.15:816][286]LogDerivedDataCache: Shutdown
[2018.05.23-16.49.15:816][286]LogModuleManager: Shutting down and abandoning module TargetPlatform (132)
[2018.05.23-16.49.15:816][286]LogModuleManager: Shutting down and abandoning module VulkanShaderFormat (131)
[2018.05.23-16.49.15:823][286]LogModuleManager: Shutting down and abandoning module ShaderFormatOpenGL (129)
[2018.05.23-16.49.15:833][286]LogModuleManager: Shutting down and abandoning module ShaderFormatD3D (127)
[2018.05.23-16.49.15:834][286]LogModuleManager: Shutting down and abandoning module MetalShaderFormat (125)
[2018.05.23-16.49.15:845][286]LogModuleManager: Shutting down and abandoning module TextureFormatUncompressed (123)
[2018.05.23-16.49.15:845][286]LogModuleManager: Shutting down and abandoning module TextureFormatPVR (121)
[2018.05.23-16.49.15:845][286]LogModuleManager: Shutting down and abandoning module TextureFormatDXT (119)
[2018.05.23-16.49.15:845][286]LogModuleManager: Shutting down and abandoning module TextureFormatIntelISPCTexComp (117)
[2018.05.23-16.49.15:845][286]LogModuleManager: Shutting down and abandoning module TextureFormatASTC (115)
[2018.05.23-16.49.15:845][286]LogModuleManager: Shutting down and abandoning module ImageWrapper (114)
[2018.05.23-16.49.15:845][286]LogModuleManager: Shutting down and abandoning module TextureFormatAndroid (111)
[2018.05.23-16.49.15:845][286]LogModuleManager: Shutting down and abandoning module AudioFormatOpus (109)
[2018.05.23-16.49.15:853][286]LogModuleManager: Shutting down and abandoning module AudioFormatOgg (107)
[2018.05.23-16.49.15:853][286]LogModuleManager: Shutting down and abandoning module AudioFormatADPCM (105)
[2018.05.23-16.49.15:853][286]LogModuleManager: Shutting down and abandoning module LinuxTargetPlatform (103)
[2018.05.23-16.49.15:853][286]LogModuleManager: Shutting down and abandoning module LinuxServerTargetPlatform (101)
[2018.05.23-16.49.15:853][286]LogModuleManager: Shutting down and abandoning module LinuxNoEditorTargetPlatform (99)
[2018.05.23-16.49.15:853][286]LogModuleManager: Shutting down and abandoning module LinuxClientTargetPlatform (97)
[2018.05.23-16.49.15:853][286]LogModuleManager: Shutting down and abandoning module TVOSTargetPlatform (95)
[2018.05.23-16.49.15:853][286]LogModuleManager: Shutting down and abandoning module Messaging (93)
[2018.05.23-16.49.15:853][286]LogModuleManager: Shutting down and abandoning module IOSTargetPlatform (91)
[2018.05.23-16.49.15:853][286]LogModuleManager: Shutting down and abandoning module HTML5TargetPlatform (89)
[2018.05.23-16.49.15:853][286]LogModuleManager: Shutting down and abandoning module Android_PVRTCTargetPlatform (87)
[2018.05.23-16.49.15:853][286]LogModuleManager: Shutting down and abandoning module Android_MultiTargetPlatform (85)
[2018.05.23-16.49.15:853][286]LogModuleManager: Shutting down and abandoning module Android_ETC2TargetPlatform (83)
[2018.05.23-16.49.15:853][286]LogModuleManager: Shutting down and abandoning module Android_ETC1TargetPlatform (81)
[2018.05.23-16.49.15:853][286]LogModuleManager: Shutting down and abandoning module Android_DXTTargetPlatform (79)
[2018.05.23-16.49.15:853][286]LogModuleManager: Shutting down and abandoning module Android_ATCTargetPlatform (77)
[2018.05.23-16.49.15:853][286]LogModuleManager: Shutting down and abandoning module Android_ASTCTargetPlatform (75)
[2018.05.23-16.49.15:853][286]LogModuleManager: Shutting down and abandoning module AndroidTargetPlatform (73)
[2018.05.23-16.49.15:853][286]LogModuleManager: Shutting down and abandoning module WindowsTargetPlatform (71)
[2018.05.23-16.49.15:853][286]LogModuleManager: Shutting down and abandoning module WindowsServerTargetPlatform (69)
[2018.05.23-16.49.15:853][286]LogModuleManager: Shutting down and abandoning module WindowsNoEditorTargetPlatform (67)
[2018.05.23-16.49.15:853][286]LogModuleManager: Shutting down and abandoning module WindowsClientTargetPlatform (65)
[2018.05.23-16.49.15:853][286]LogModuleManager: Shutting down and abandoning module MacTargetPlatform (63)
[2018.05.23-16.49.15:853][286]LogModuleManager: Shutting down and abandoning module MacServerTargetPlatform (61)
[2018.05.23-16.49.15:853][286]LogModuleManager: Shutting down and abandoning module MacNoEditorTargetPlatform (59)
[2018.05.23-16.49.15:853][286]LogModuleManager: Shutting down and abandoning module MacClientTargetPlatform (57)
[2018.05.23-16.49.15:853][286]LogModuleManager: Shutting down and abandoning module AllDesktopTargetPlatform (55)
[2018.05.23-16.49.15:854][286]LogModuleManager: Shutting down and abandoning module InputCore (52)
[2018.05.23-16.49.15:854][286]LogModuleManager: Shutting down and abandoning module Settings (50)
[2018.05.23-16.49.15:854][286]LogModuleManager: Shutting down and abandoning module OculusRift (48)
[2018.05.23-16.49.15:866][286]LogModuleManager: Shutting down and abandoning module GearVR (46)
[2018.05.23-16.49.15:866][286]LogModuleManager: Shutting down and abandoning module ExampleDeviceProfileSelector (44)
[2018.05.23-16.49.15:866][286]LogModuleManager: Shutting down and abandoning module OnlineBlueprintSupport (42)
[2018.05.23-16.49.15:866][286]LogModuleManager: Shutting down and abandoning module OnlineSubsystem (38)
[2018.05.23-16.49.15:866][286]LogOnline:Display: Unloading online subsystem: NULL
[2018.05.23-16.49.15:885][286]LogModuleManager: Shutting down and abandoning module XMPP (37)
[2018.05.23-16.49.15:894][286]LogModuleManager: Shutting down and abandoning module HTTP (35)
[2018.05.23-16.49.15:895][286]LogHttp:Display: Http module shutting down, but needs to wait on 1 outstanding Http requests:
[2018.05.23-16.49.15:895][286]LogHttp:Display: 	verb=[POST] url=[https://datarouter.ol.epicgames.com/datarouter/api/v1/public/data?SessionID=%7B66DC9549-49F6-1941-E387-6B984F83159E%7D&AppID=UEEditor.Rocket.Release&AppVersion=4.15.3-3450819%2B%2B%2BUE4%2BRelease-4.15&UserID=631baacb4079a51d8c50fda0fc820809%7C5426334c903140f89a87a90a895d9865%7Cff1a9e8d-930e-43bf-ab30-c72d773ab186&AppEnvironment=datacollector-binary&UploadType=eteventstream] status=Processing
[2018.05.23-16.49.15:925][286]LogModuleManager: Shutting down and abandoning module SSL (34)
[2018.05.23-16.49.15:927][286]LogModuleManager: Shutting down and abandoning module AudioEditor (30)
[2018.05.23-16.49.15:928][286]LogModuleManager: Shutting down and abandoning module TextureCompressor (28)
[2018.05.23-16.49.15:929][286]LogModuleManager: Shutting down and abandoning module ShaderCore (26)
[2018.05.23-16.49.15:929][286]LogModuleManager: Shutting down and abandoning module Landscape (24)
[2018.05.23-16.49.15:929][286]LogModuleManager: Shutting down and abandoning module SlateRHIRenderer (22)
[2018.05.23-16.49.15:941][286]LogModuleManager: Shutting down and abandoning module OpenGLDrv (20)
[2018.05.23-16.49.15:951][286]LogModuleManager: Shutting down and abandoning module D3D11RHI (18)
[2018.05.23-16.49.15:951][286]LogModuleManager: Shutting down and abandoning module AnimGraphRuntime (16)
[2018.05.23-16.49.15:952][286]LogModuleManager: Shutting down and abandoning module Renderer (14)
[2018.05.23-16.49.15:952][286]LogModuleManager: Shutting down and abandoning module Engine (12)
[2018.05.23-16.49.15:952][286]LogModuleManager: Shutting down and abandoning module CoreUObject (10)
[2018.05.23-16.49.15:952][286]LogModuleManager: Shutting down and abandoning module NetworkFile (8)
[2018.05.23-16.49.15:952][286]LogModuleManager: Shutting down and abandoning module StreamingFile (6)
[2018.05.23-16.49.15:952][286]LogModuleManager: Shutting down and abandoning module SandboxFile (4)
[2018.05.23-16.49.15:952][286]LogModuleManager: Shutting down and abandoning module PakFile (2)
[2018.05.23-16.49.15:956][286]LogExit: Exiting.
[2018.05.23-16.49.15:958][286]Log file closed, 05/23/18 17:49:15
