Log file open, 05/24/18 03:22:04
LogInit:Display: Running engine for game: TheBends
LogPlatformFile: Not using cached read wrapper
LogInit:Display: RandInit(523023095) SRandInit(523023095).
LogTaskGraph: Started task graph with 5 named threads and 12 total threads with 1 sets of task threads.
LogStats: Stats thread started at 0.212025
LogInit: Using libcurl 7.47.1
LogInit:  - built for x86_64-pc-win32
LogInit:  - supports SSL with OpenSSL/1.0.2g
LogInit:  - supports HTTP deflate (compression) using libz 1.2.8
LogInit:  - other features:
LogInit:      CURL_VERSION_SSL
LogInit:      CURL_VERSION_LIBZ
LogInit:      CURL_VERSION_IPV6
LogInit:      CURL_VERSION_ASYNCHDNS
LogInit:      CURL_VERSION_LARGEFILE
LogInit:      CURL_VERSION_IDN
LogInit:  CurlRequestOptions (configurable via config and command line):
LogInit:  - bVerifyPeer = false  - Libcurl will NOT verify peer certificate
LogInit:  - bUseHttpProxy = false  - Libcurl will NOT use HTTP proxy
LogInit:  - bDontReuseConnections = false  - Libcurl will reuse connections
LogInit:  - CertBundlePath = nullptr  - Libcurl will use whatever was configured at build time.
LogInit: Build: ++UE4+Release-4.15-CL-3450819
LogInit: Engine Version: 4.15.3-3450819+++UE4+Release-4.15
LogInit: Compatible Engine Version: 4.15.0-3299760+++UE4+Release-4.15
LogInit: Net CL: 3299760
LogDevObjectVersion: Number of dev versions registered: 14
LogDevObjectVersion:   Dev-Blueprints (B0D832E4-1F89-4F0D-ACCF-7EB736FD4AA2): 8
LogDevObjectVersion:   Dev-Build (E1C64328-A22C-4D53-A36C-8E866417BD8C): 0
LogDevObjectVersion:   Dev-Core (375EC13C-06E4-48FB-B500-84F0262A717E): 2
LogDevObjectVersion:   Dev-Editor (E4B068ED-F494-42E9-A231-DA0B2E46BB41): 14
LogDevObjectVersion:   Dev-Framework (CFFC743F-43B0-4480-9391-14DF171D2073): 22
LogDevObjectVersion:   Dev-Mobile (B02B49B5-BB20-44E9-A304-32B752E40360): 0
LogDevObjectVersion:   Dev-Networking (A4E4105C-59A1-49B5-A7C5-40C4547EDFEE): 0
LogDevObjectVersion:   Dev-Online (39C831C9-5AE6-47DC-9A44-9C173E1C8E7C): 0
LogDevObjectVersion:   Dev-Physics (78F01B33-EBEA-4F98-B9B4-84EACCB95AA2): 0
LogDevObjectVersion:   Dev-Platform (6631380F-2D4D-43E0-8009-CF276956A95A): 0
LogDevObjectVersion:   Dev-Rendering (12F88B9F-8875-4AFC-A67C-D90C383ABD29): 12
LogDevObjectVersion:   Dev-Sequencer (7B5AE74C-D270-4C10-A958-57980B212A5A): 3
LogDevObjectVersion:   Dev-VR (D7296918-1DD6-4BDD-9DE2-64A83CC13884): 0
LogDevObjectVersion:   Dev-LoadTimes (C2A15278-BFE7-4AFE-6C17-90FF531DF755): 1
LogInit: Compiled (64-bit): May 21 2017 11:02:34
LogInit: Compiled with Visual C++: 19.00.23026.00
LogInit: Build Configuration: Development
LogInit: Branch Name: ++UE4+Release-4.15
LogInit: Command line:  
LogInit: Base directory: D:/UE/UE_4.15/Engine/Binaries/Win64/
LogInit: Installed Engine Build: 1
LogInit: Presizing for max 8388607 objects, including 0 objects not considered by GC, pre-allocating 0 bytes for permanent pool.
LogInit: Object subsystem initialized
[2018.05.24-02.22.06:537][  0]LogConsoleManager:Display: Setting the console variable 'r.RHICmdBypass' with 'SetByProjectSetting' was ignored as it is lower priority than the previous 'SetBySystemSettingsIni'. Value remains '1'
[2018.05.24-02.22.06:589][  0]LogInit: Selected Device Profile: [Windows]
[2018.05.24-02.22.06:589][  0]LogInit: Applying CVar settings loaded from the selected device profile: [Windows]
[2018.05.24-02.22.06:728][  0]LogInit: Computer: DESKTOP-U064HA0
[2018.05.24-02.22.06:728][  0]LogInit: User: lukem
[2018.05.24-02.22.06:728][  0]LogInit: CPU Page size=65536, Cores=8
[2018.05.24-02.22.06:728][  0]LogInit: High frequency timer resolution =3.691536 MHz
[2018.05.24-02.22.06:755][  0]LogMemory: Memory total: Physical=15.9GB (16GB approx)
[2018.05.24-02.22.06:755][  0]LogMemory: Platform Memory Stats for Windows
[2018.05.24-02.22.06:755][  0]LogMemory: Process Physical Memory: 266.58 MB used, 266.58 MB peak
[2018.05.24-02.22.06:755][  0]LogMemory: Process Virtual Memory: 266.16 MB used, 266.16 MB peak
[2018.05.24-02.22.06:755][  0]LogMemory: Physical Memory: 6575.81 MB used,  9736.70 MB free, 16312.50 MB total
[2018.05.24-02.22.06:755][  0]LogMemory: Virtual Memory: 686.55 MB used,  9736.70 MB free, 134217728.00 MB total
[2018.05.24-02.22.07:860][  0]LogTextLocalizationManager: No specific translations for ('en-GB') exist, so ('en') translations will be used.
[2018.05.24-02.22.12:852][  0]LogD3D11RHI: D3D11 adapters:
[2018.05.24-02.22.12:922][  0]LogD3D11RHI:    0. 'NVIDIA GeForce GTX 1070' (Feature Level 11_0)
[2018.05.24-02.22.12:922][  0]LogD3D11RHI:       8088/0/8156 MB DedicatedVideo/DedicatedSystem/SharedSystem, Outputs:2, VendorId:0x10de
[2018.05.24-02.22.12:925][  0]LogD3D11RHI:    1. 'Microsoft Basic Render Driver' (Feature Level 11_0)
[2018.05.24-02.22.12:925][  0]LogD3D11RHI:       0/0/8156 MB DedicatedVideo/DedicatedSystem/SharedSystem, Outputs:0, VendorId:0x1414
[2018.05.24-02.22.12:925][  0]LogD3D11RHI: Chosen D3D11 Adapter: 0
[2018.05.24-02.22.12:937][  0]LogD3D11RHI: Creating new Direct3DDevice
[2018.05.24-02.22.12:937][  0]LogD3D11RHI:     GPU DeviceId: 0x1b81 (for the marketing name, search the web for "GPU Device Id")
[2018.05.24-02.22.12:937][  0]LogWindows: EnumDisplayDevices:
[2018.05.24-02.22.12:937][  0]LogWindows:    0. 'NVIDIA GeForce GTX 1070' (P:0 D:1)
[2018.05.24-02.22.12:937][  0]LogWindows:    1. 'NVIDIA GeForce GTX 1070' (P:1 D:1)
[2018.05.24-02.22.12:937][  0]LogWindows:    2. 'NVIDIA GeForce GTX 1070' (P:0 D:0)
[2018.05.24-02.22.12:937][  0]LogWindows:    3. 'NVIDIA GeForce GTX 1070' (P:0 D:0)
[2018.05.24-02.22.12:937][  0]LogWindows: DebugString: GetVideoDriverDetailsInvalid PrimaryIsNotTheChoosenAdapter GetVideoDriverDetailsInvalid PrimaryIsNotTheChoosenAdapter GetVideoDriverDetailsInvalid PrimaryIsNotTheChoosenAdapter GetVideoDriverDetailsInvalid PrimaryIsNotTheChoosenAdapter FoundDriverCount:0 
[2018.05.24-02.22.12:937][  0]LogD3D11RHI:     Adapter Name: NVIDIA GeForce GTX 1070
[2018.05.24-02.22.12:938][  0]LogD3D11RHI:   Driver Version: Unknown (internal:Unknown, unified:Unknown)
[2018.05.24-02.22.12:938][  0]LogD3D11RHI:      Driver Date: Unknown
[2018.05.24-02.22.12:938][  0]LogRHI: Texture pool is 1361 MB (70% of 1945 MB)
[2018.05.24-02.22.12:981][  0]LogD3D11RHI: Async texture creation enabled
[2018.05.24-02.22.13:316][  0]LogD3D11RHI: GPU Timing Frequency: 1000.000000 (Debug: 2 2)
[2018.05.24-02.22.13:507][  0]LogShaderCompilers: Guid format shader working directory is 2 characters bigger than the processId version (E:/Uni Stuff/Year2/Github/The-Bends/TheBends/Intermediate/Shaders/WorkingDirectory/8604/).
[2018.05.24-02.22.13:507][  0]LogShaderCompilers: Cleaned the shader compiler working directory 'C:/Users/lukem/AppData/Local/Temp/UnrealShaderWorkingDir/057F18464E0BDC269A8AD8A11531B71E/'.
[2018.05.24-02.22.13:512][  0]LogShaderCompilers:Display: Using Local Shader Compiler.
[2018.05.24-02.22.18:240][  0]LogTemp:Display: Loaded TP AllDesktopTargetPlatform
[2018.05.24-02.22.18:296][  0]LogTemp:Display: Loaded TP MacClientTargetPlatform
[2018.05.24-02.22.18:350][  0]LogTemp:Display: Loaded TP MacNoEditorTargetPlatform
[2018.05.24-02.22.18:405][  0]LogTemp:Display: Loaded TP MacServerTargetPlatform
[2018.05.24-02.22.18:496][  0]LogTemp:Display: Loaded TP MacTargetPlatform
[2018.05.24-02.22.18:550][  0]LogTemp:Display: Loaded TP WindowsClientTargetPlatform
[2018.05.24-02.22.18:604][  0]LogTemp:Display: Loaded TP WindowsNoEditorTargetPlatform
[2018.05.24-02.22.18:658][  0]LogTemp:Display: Loaded TP WindowsServerTargetPlatform
[2018.05.24-02.22.18:719][  0]LogTemp:Display: Loaded TP WindowsTargetPlatform
[2018.05.24-02.22.18:810][  0]LogTemp:Display: Loaded TP AndroidTargetPlatform
[2018.05.24-02.22.18:878][  0]LogTemp:Display: Loaded TP Android_ASTCTargetPlatform
[2018.05.24-02.22.18:930][  0]LogTemp:Display: Loaded TP Android_ATCTargetPlatform
[2018.05.24-02.22.18:983][  0]LogTemp:Display: Loaded TP Android_DXTTargetPlatform
[2018.05.24-02.22.19:036][  0]LogTemp:Display: Loaded TP Android_ETC1TargetPlatform
[2018.05.24-02.22.19:088][  0]LogTemp:Display: Loaded TP Android_ETC2TargetPlatform
[2018.05.24-02.22.19:207][  0]LogTemp:Display: Loaded TP Android_MultiTargetPlatform
[2018.05.24-02.22.19:207][  0]LogTemp:Display: Loaded TP Android_PVRTCTargetPlatform
[2018.05.24-02.22.19:240][  0]LogTemp:Display: Loaded TP HTML5TargetPlatform
[2018.05.24-02.22.19:415][  0]LogTemp:Display: Loaded TP IOSTargetPlatform
[2018.05.24-02.22.19:448][  0]LogTemp:Display: Loaded TP TVOSTargetPlatform
[2018.05.24-02.22.19:500][  0]LogTemp:Display: Loaded TP LinuxClientTargetPlatform
[2018.05.24-02.22.19:553][  0]LogTemp:Display: Loaded TP LinuxNoEditorTargetPlatform
[2018.05.24-02.22.19:605][  0]LogTemp:Display: Loaded TP LinuxServerTargetPlatform
[2018.05.24-02.22.19:686][  0]LogTemp:Display: Loaded TP LinuxTargetPlatform
[2018.05.24-02.22.19:686][  0]LogTargetPlatformManager:Display: Building Assets For Windows
[2018.05.24-02.22.20:713][  0]LogDerivedDataCache:Display: Max Cache Size: 512 MB
[2018.05.24-02.22.20:915][  0]LogDerivedDataCache: Loaded boot cache 0.20s 51MB C:/Users/lukem/AppData/Local/UnrealEngine/4.15/DerivedDataCache/Boot.ddc.
[2018.05.24-02.22.20:915][  0]LogDerivedDataCache:Display: Loaded Boot cache: C:/Users/lukem/AppData/Local/UnrealEngine/4.15/DerivedDataCache/Boot.ddc
[2018.05.24-02.22.20:915][  0]LogDerivedDataCache: FDerivedDataBackendGraph:  Pak pak cache file E:/Uni Stuff/Year2/Github/The-Bends/TheBends/DerivedDataCache/DDC.ddp not found, will not use a pak cache.
[2018.05.24-02.22.20:915][  0]LogDerivedDataCache: Unable to find inner node Pak for hierarchical cache Hierarchy.
[2018.05.24-02.22.20:915][  0]LogDerivedDataCache: FDerivedDataBackendGraph:  CompressedPak pak cache file E:/Uni Stuff/Year2/Github/The-Bends/TheBends/DerivedDataCache/Compressed.ddp not found, will not use a pak cache.
[2018.05.24-02.22.20:915][  0]LogDerivedDataCache: Unable to find inner node CompressedPak for hierarchical cache Hierarchy.
[2018.05.24-02.22.20:986][  0]LogDerivedDataCache:Display: Pak cache opened for reading ../../../Engine/DerivedDataCache/Compressed.ddp.
[2018.05.24-02.22.20:998][  0]LogDerivedDataCache: Using Local data cache path C:/Users/lukem/AppData/Local/UnrealEngine/Common/DerivedDataCache: Writable
[2018.05.24-02.22.21:226][  0]LogSlate: Using Freetype 2.6.0
[2018.05.24-02.22.21:353][  0]LogSlate: SlateFontCache - WITH_FREETYPE: 1, WITH_HARFBUZZ: 1
[2018.05.24-02.22.21:353][  0]LogSlate: SlateFontCache - WITH_FREETYPE: 1, WITH_HARFBUZZ: 1
[2018.05.24-02.22.30:724][  0]LogInit: Selected Device Profile: [Windows]
[2018.05.24-02.22.30:808][  0]LogContentStreaming: Texture pool size is 0.00 MB
[2018.05.24-02.22.31:513][  0]LogMeshUtilities: Using QuadricMeshReduction for automatic static mesh reduction
[2018.05.24-02.22.31:570][  0]LogSimplygon: Simplygon DLL not present - disabling.
[2018.05.24-02.22.31:628][  0]LogMeshUtilities: Using SimplygonSwarm for distributed automatic mesh merging
[2018.05.24-02.22.31:628][  0]LogMeshUtilities: No automatic skeletal mesh reduction module available
[2018.05.24-02.22.31:628][  0]LogMeshUtilities: No automatic mesh merging module available
[2018.05.24-02.22.37:225][  0]LogNetVersion: GetLocalNetworkVersion: CL: 3299760, ProjectName: thebends, ProjectVersion: , EngineNetworkVersion: 2, GameNetworkVersion: 0, NetworkChecksum: 3470498370
[2018.05.24-02.22.37:345][  0]LogAssetRegistry: FAssetRegistry took 0.0232 seconds to start up
[2018.05.24-02.22.37:552][  0]LogPackageLocalizationCache: Processed 3 localized package path(s) for 2 prioritized culture(s) in 0.152281 seconds
[2018.05.24-02.22.37:559][  0]LogUObjectArray: 32493 objects as part of root set at end of initial load.
[2018.05.24-02.22.37:559][  0]LogUObjectAllocator: 7077032 out of 0 bytes used by permanent object pool.
[2018.05.24-02.22.37:559][  0]LogUObjectArray: CloseDisregardForGC: 0/0 objects in disregard for GC pool
[2018.05.24-02.22.37:623][  0]LogInit: WinSock: version 1.1 (2.2), MaxSocks=32767, MaxUdp=65467
[2018.05.24-02.23.01:348][  0]LogSubstanceCoreModule: Substance [CPU] Engine Loaded, Max Texture Size = 2048
[2018.05.24-02.23.01:421][  0]LogTcpMessaging: Initializing TcpMessaging bridge
[2018.05.24-02.23.01:478][  0]LogUdpMessaging: Initializing bridge on interface 0.0.0.0:0 to multicast group 230.0.0.1:6666.
[2018.05.24-02.23.02:848][  0]LogMaterial: Uniform references updated for custom material expression Custom.
[2018.05.24-02.23.03:709][  0]SourceControl: Info Source control is disabled
[2018.05.24-02.23.03:718][  0]SourceControl: Info Source control is disabled
[2018.05.24-02.23.03:802][  0]SourceControl: Info Source control is disabled
[2018.05.24-02.23.03:869][  0]SourceControl: Info Source control is disabled
[2018.05.24-02.23.06:352][  0]LogEngine: Initializing Engine...
[2018.05.24-02.23.06:420][  0]LogHMD: Failed to initialize OpenVR with code 126
[2018.05.24-02.23.06:987][  0]LogStats: UGameplayTagsManager::ConstructGameplayTagTree: Construct from data asset -  0.000 s
[2018.05.24-02.23.06:988][  0]LogStats: UGameplayTagsManager::ConstructGameplayTagTree: GameplayTagTreeChangedEvent.Broadcast -  0.000 s
[2018.05.24-02.23.07:425][  0]LogAIModule: Creating AISystem for world Untitled
[2018.05.24-02.23.07:599][  0]LogInit: XAudio2 using ' Headphones (2- High Definition Audio Device)' : 2 channels at 48 kHz using 16 bits per sample (channel mask 0x3)
[2018.05.24-02.23.07:611][  0]LogInit: FAudioDevice initialized.
[2018.05.24-02.23.07:644][  0]LogDerivedDataCache: Saved boot cache 0.03s 51MB C:/Users/lukem/AppData/Local/UnrealEngine/4.15/DerivedDataCache/Boot.ddc.
[2018.05.24-02.23.07:654][  0]LogInit: Texture streaming: Enabled
[2018.05.24-02.23.07:795][  0]LogEngineSessionManager: EngineSessionManager initialized
[2018.05.24-02.23.08:006][  0]LogInit: Transaction tracking system initialized
[2018.05.24-02.23.08:552][  0]BlueprintLog: New page: Editor Load
[2018.05.24-02.23.10:008][  0]LocalizationService: Info Localization service is disabled
[2018.05.24-02.23.11:051][  0]LogConsoleResponse:Display: 
[2018.05.24-02.23.12:938][  0]LogFileCache: Scanning file cache for directory 'E:/Uni Stuff/Year2/Github/The-Bends/TheBends/Content/' took 0.02s
[2018.05.24-02.23.12:938][  0]LogCook:Display: Max memory allowance for cook 16384mb min free memory 0mb
[2018.05.24-02.23.12:938][  0]LogCook:Display: Mobile HDR setting 1
[2018.05.24-02.23.15:600][  0]SourceControl: Info Source control is disabled
[2018.05.24-02.23.15:632][  0]Cmd: MAP LOAD FILE="E:/Uni Stuff/Year2/Github/The-Bends/TheBends/Content/VirtualRealityBP/Maps/StartupMap.umap" TEMPLATE=0 SHOWPROGRESS=1 FEATURELEVEL=3
[2018.05.24-02.23.15:706][  0]LightingResults: New page: Lighting Build
[2018.05.24-02.23.15:836][  0]MapCheck: New page: Map Check
[2018.05.24-02.23.15:836][  0]LightingResults: New page: Lighting Build
[2018.05.24-02.23.16:554][  0]LogClass:Warning: Enum '/Game/ExampleContent/VR_Trace_Interaction/Blueprints/Enums/EInteractionTraceTypes.EInteractionTraceTypes' was upgraded to use FText to store its display name data. Please re-save this asset to avoid issues with localization and determinstic cooking.
[2018.05.24-02.23.17:309][  0]LogClass:Warning: Enum '/Game/ExampleContent/VR_World_Interaction/Blueprints/FeedbackEffects/EFeedbackIntensity.EFeedbackIntensity' was upgraded to use FText to store its display name data. Please re-save this asset to avoid issues with localization and determinstic cooking.
[2018.05.24-02.23.17:309][  0]LogClass:Warning: Enum '/Game/ExampleContent/VR_World_Interaction/Blueprints/FeedbackEffects/EFeedbackType.EFeedbackType' was upgraded to use FText to store its display name data. Please re-save this asset to avoid issues with localization and determinstic cooking.
[2018.05.24-02.23.25:723][  0]LogClass:Warning: Enum '/Game/Blueprints/Enum/EHeadsetEnum.EHeadsetEnum' was upgraded to use FText to store its display name data. Please re-save this asset to avoid issues with localization and determinstic cooking.
[2018.05.24-02.23.26:232][  0]LogAIModule: Creating AISystem for world StartupMap
[2018.05.24-02.23.26:563][  0]LogScriptCore:Warning: Script Msg: Attempted to access index 0 from array inEars of length 0!
[2018.05.24-02.23.26:563][  0]LogScriptCore:Warning: Script Msg: Attempted to access index 0 from array inEars of length 0!
[2018.05.24-02.23.26:563][  0]LogScriptCore:Warning: Script Msg: Attempted to access index 0 from array inEars of length 0!
[2018.05.24-02.23.26:563][  0]LogScriptCore:Warning: Script Msg: Attempted to access index 0 from array inEars of length 0!
[2018.05.24-02.23.26:563][  0]LogScriptCore:Warning: Script Msg: Attempted to access index 0 from array inEars of length 0!
[2018.05.24-02.23.26:563][  0]LogScriptCore:Warning: Script Msg: Attempted to access index 0 from array inEars of length 0!
[2018.05.24-02.23.26:585][  0]LogScriptCore:Warning: Script Msg: Attempted to access index 0 from array inEars of length 0!
[2018.05.24-02.23.26:585][  0]LogScriptCore:Warning: Script Msg: Attempted to access index 0 from array inEars of length 0!
[2018.05.24-02.23.26:585][  0]LogScriptCore:Warning: Script Msg: Attempted to access index 0 from array inEars of length 0!
[2018.05.24-02.23.26:585][  0]LogScriptCore:Warning: Script Msg: Attempted to access index 0 from array inEars of length 0!
[2018.05.24-02.23.26:585][  0]LogScriptCore:Warning: Script Msg: Attempted to access index 0 from array inEars of length 0!
[2018.05.24-02.23.26:585][  0]LogScriptCore:Warning: Script Msg: Attempted to access index 0 from array inEars of length 0!
[2018.05.24-02.23.26:682][  0]LogEditorServer: Finished looking for orphan Actors (0.000 secs)
[2018.05.24-02.23.26:698][  0]Cmd: MAP CHECKDEP NOCLEARLOG
[2018.05.24-02.23.26:780][  0]MapCheck: Info Map check complete: 0 Error(s), 0 Warning(s), took 81.121ms to complete.
[2018.05.24-02.23.26:780][  0]LogFileHelpers: Loading map 'StartupMap' took 11.153
[2018.05.24-02.23.27:345][  0]LogWindowsTextInputMethodSystem:Display: IME system now deactivated.
[2018.05.24-02.23.27:345][  0]LogWindowsTextInputMethodSystem:Display: IME system now deactivated.
[2018.05.24-02.23.27:938][  0]LogCollectionManager: Loaded 0 collections in 0.001819 seconds
[2018.05.24-02.23.28:078][  0]LogFileCache: Scanning file cache for directory 'E:/Uni Stuff/Year2/Github/The-Bends/TheBends/Saved/Collections/' took 0.01s
[2018.05.24-02.23.28:078][  0]LogFileCache: Scanning file cache for directory 'E:/Uni Stuff/Year2/Github/The-Bends/TheBends/Content/Developers/lukem/Collections/' took 0.01s
[2018.05.24-02.23.28:078][  0]LogFileCache: Scanning file cache for directory 'E:/Uni Stuff/Year2/Github/The-Bends/TheBends/Content/Collections/' took 0.01s
[2018.05.24-02.23.28:078][  0]LogCollectionManager: Rebuilt the GUID cache for 0 collections in 0.000008 seconds
[2018.05.24-02.23.28:094][  0]LogContentBrowser: Native class hierarchy populated in 0.0120 seconds. Added 2259 classes and 459 folders.
[2018.05.24-02.23.28:191][  0]LogContentBrowser: Native class hierarchy updated for 'WidgetCarousel' in 0.0006 seconds. Added 0 classes and 0 folders.
[2018.05.24-02.23.29:527][  0]LogContentBrowser: Native class hierarchy updated for 'AddContentDialog' in 0.0006 seconds. Added 0 classes and 0 folders.
[2018.05.24-02.23.29:622][  0]LogContentBrowser: Native class hierarchy updated for 'SceneOutliner' in 0.0006 seconds. Added 1 classes and 2 folders.
[2018.05.24-02.23.30:228][  0]LogCrashTracker: Crashtracker disabled due to settings.
[2018.05.24-02.23.30:312][  0]LogUObjectGlobals:Warning: Failed to find object 'Class None.'
[2018.05.24-02.23.30:456][  0]LogContentBrowser: Native class hierarchy updated for 'HierarchicalLODOutliner' in 0.0007 seconds. Added 1 classes and 2 folders.
[2018.05.24-02.23.30:456][  0]LogLoad: (Engine Initialization) Total time: 92.21 seconds
[2018.05.24-02.23.30:456][  0]LogLoad: (Engine Initialization) Total Blueprint compile time: 1.24 seconds
[2018.05.24-02.23.30:456][  0]LogExternalProfiler: No external profilers were discovered.  External profiling features will not be available.
[2018.05.24-02.23.30:476][  0]LogOcInput: OculusInput pre-init called
[2018.05.24-02.23.30:587][  0]LogContentStreaming: Texture pool size now 1000 MB
[2018.05.24-02.23.30:641][  0]LogSlate: Took 0.012637 seconds to synchronously load lazily loaded font '../../../Engine/Content/Slate/Fonts/Roboto-Regular.ttf' (155K)
[2018.05.24-02.23.30:663][  0]LogSlate: Took 0.009477 seconds to synchronously load lazily loaded font '../../../Engine/Content/Slate/Fonts/Roboto-Bold.ttf' (160K)
[2018.05.24-02.23.30:685][  0]LogSlate: Took 0.015451 seconds to synchronously load lazily loaded font '../../../Engine/Content/Editor/Slate/Fonts/FontAwesome.ttf' (139K)
[2018.05.24-02.23.31:255][  0]LogRenderer: Reallocating scene render targets to support 1208x556 NumSamples 1 (Frame:2).
[2018.05.24-02.23.31:549][  1]LogSlate: Took 0.015405 seconds to synchronously load lazily loaded font '../../../Engine/Content/Slate/Fonts/Roboto-Light.ttf' (159K)
[2018.05.24-02.23.31:772][  4]LogAssetRegistry: Asset discovery search completed in 54.4496 seconds
[2018.05.24-02.23.31:778][  4]LogCollectionManager: Rebuilt the object cache for 0 collections in 0.000008 seconds (found 0 objects)
[2018.05.24-02.23.31:778][  4]LogCollectionManager: Fixed up redirectors for 0 collections in 0.005747 seconds (updated 0 objects)
[2018.05.24-02.23.46:904][698]LogSlate: Took 0.000255 seconds to synchronously load lazily loaded font '../../../Engine/Content/Slate/Fonts/Roboto-Light.ttf' (159K)
[2018.05.24-02.23.47:382][698]LogAIModule: Creating AISystem for world The_Bends_Level_01
[2018.05.24-02.23.47:459][698]Cmd: MAP LOAD FILE="E:/Uni Stuff/Year2/Github/The-Bends/TheBends/Content/Maps/The_Bends_Level_01.umap" TEMPLATE=0 SHOWPROGRESS=1 FEATURELEVEL=3
[2018.05.24-02.23.47:459][698]LightingResults: New page: Lighting Build
[2018.05.24-02.23.47:461][698]LoadErrors: New page: Loading map: The_Bends_Level_01.umap
[2018.05.24-02.23.47:464][698]MapCheck: New page: Map Check
[2018.05.24-02.23.47:464][698]LightingResults: New page: Lighting Build
[2018.05.24-02.23.47:658][698]LogEditorServer: Finished looking for orphan Actors (0.000 secs)
[2018.05.24-02.23.47:699][698]Cmd: MAP CHECKDEP NOCLEARLOG
[2018.05.24-02.23.47:781][698]MapCheck: Info Map check complete: 0 Error(s), 0 Warning(s), took 81.804ms to complete.
[2018.05.24-02.23.47:781][698]LogFileHelpers: Loading map 'The_Bends_Level_01' took 0.323
[2018.05.24-02.23.51:215][ 90]LogEditorViewport: Clicking on Actor (LMB): StaticMeshActor (bends_corridor_a_door4)
[2018.05.24-02.23.58:112][722]LogEditorViewport: Clicking on Actor (LMB): StaticMeshActor (bends_corridor_a_door4)
[2018.05.24-02.24.00:783][ 14]Cmd: MODE GRID=0
[2018.05.24-02.24.03:168][288]LogEditorViewport: Clicking on Actor (LMB): StaticMeshActor (Bends_Bridge_Wall)
[2018.05.24-02.24.27:324][ 51]LogActorFactory: Actor Factory created Bends_Bridge_ComputerConsole
[2018.05.24-02.24.28:157][132]LogActorFactory: Actor Factory created Bends_Bridge_ComputerConsole
[2018.05.24-02.24.30:294][360]Cmd: TRANSACTION UNDO
[2018.05.24-02.24.30:294][360]LogEditorTransaction: Undo Create Actors
[2018.05.24-02.24.30:340][360]LogSlate: Took 0.000360 seconds to synchronously load lazily loaded font '../../../Engine/Content/Slate/Fonts/Roboto-Light.ttf' (159K)
[2018.05.24-02.24.31:227][435]Cmd: MODE GRID=1
[2018.05.24-02.24.32:586][568]LogActorFactory: Actor Factory created Bends_Bridge_ComputerConsole
[2018.05.24-02.24.32:982][604]LogActorFactory: Actor Factory created Bends_Bridge_ComputerConsole
[2018.05.24-02.25.05:173][252]Cmd: TRANSACTION UNDO
[2018.05.24-02.25.05:174][252]LogEditorTransaction: Undo Move Actors
[2018.05.24-02.25.05:577][279]Cmd: TRANSACTION UNDO
[2018.05.24-02.25.05:578][279]LogEditorTransaction: Undo Move Actors
[2018.05.24-02.25.06:241][351]Cmd: TRANSACTION UNDO
[2018.05.24-02.25.06:241][351]LogEditorTransaction: Undo Move Actors
[2018.05.24-02.25.06:448][373]Cmd: TRANSACTION UNDO
[2018.05.24-02.25.06:448][373]LogEditorTransaction: Undo Move Actors
[2018.05.24-02.25.06:630][392]Cmd: TRANSACTION UNDO
[2018.05.24-02.25.06:630][392]LogEditorTransaction: Undo Move Actors
[2018.05.24-02.25.06:795][409]Cmd: TRANSACTION UNDO
[2018.05.24-02.25.06:795][409]LogEditorTransaction: Undo Rotate Actors
[2018.05.24-02.25.06:973][420]Cmd: TRANSACTION UNDO
[2018.05.24-02.25.06:973][420]LogEditorTransaction: Undo Move Actors
[2018.05.24-02.25.07:143][437]Cmd: TRANSACTION UNDO
[2018.05.24-02.25.07:143][437]LogEditorTransaction: Undo Rotate Actors
[2018.05.24-02.25.07:378][456]Cmd: TRANSACTION UNDO
[2018.05.24-02.25.07:378][456]LogEditorTransaction: Undo Move Actors
[2018.05.24-02.25.09:522][707]Cmd: TRANSACTION UNDO
[2018.05.24-02.25.09:522][707]LogEditorTransaction: Undo Move Actors
[2018.05.24-02.25.10:362][802]Cmd: TRANSACTION REDO
[2018.05.24-02.25.10:362][802]LogEditorTransaction: Redo Move Actors
[2018.05.24-02.25.20:008][833]LogEditorViewport: Clicking on Actor (LMB): StaticMeshActor (Bends_Bridge_ComputerConsole)
[2018.05.24-02.25.21:611][996]LogEditorViewport: Clicking on Actor (LMB): PointLight (PointLight2)
[2018.05.24-02.25.32:058][140]LogEditorViewport: Clicking on Actor (LMB): StaticMeshActor (Bends_Bridge_ComputerConsole)
[2018.05.24-02.25.45:853][686]LogActorFactory: Actor Factory created Bends_Bridge_Roof
[2018.05.24-02.25.47:980][917]LogStaticMesh: Building static mesh Bends_Bridge_Railing...
[2018.05.24-02.25.48:035][917]LogStaticMesh: Built static mesh [0.06s] /Game/Geometry/Bridge/Bends_Bridge_Railing.Bends_Bridge_Railing
[2018.05.24-02.25.48:167][928]LogActorFactory: Actor Factory created Bends_Bridge_Railing
[2018.05.24-02.25.49:591][ 80]LogActorFactory: Actor Factory created Bends_Bridge_Railing
[2018.05.24-02.25.55:878][791]LogEditorViewport: Clicking on Actor (LMB): PointLight (PointLight2)
[2018.05.24-02.25.58:748][116]Cmd: TRANSACTION UNDO
[2018.05.24-02.25.58:748][116]LogEditorTransaction: Undo Move Actors
[2018.05.24-02.26.01:745][452]LogEditorViewport: Clicking on Actor (LMB): StaticMeshActor (Bends_Bridge105)
[2018.05.24-02.26.02:375][518]LogEditorViewport: Clicking on Actor (LMB): StaticMeshActor (Bends_Bridge_Railing)
[2018.05.24-02.26.18:665][381]LogEditorViewport: Clicking on Actor (LMB): StaticMeshActor (Bends_Bridge_Railing2)
[2018.05.24-02.26.24:329][ 29]LogEditorViewport: Clicking on Actor (CTRL LMB): StaticMeshActor (Bends_Bridge_Railing)
[2018.05.24-02.26.44:446][251]LogEditorViewport: Clicking on Actor (LMB): StaticMeshActor (Bends_Bridge_ComputerConsole)
[2018.05.24-02.26.47:672][626]LogEditorViewport: Clicking on Actor (LMB): StaticMeshActor (Bends_Bridge_Railing)
[2018.05.24-02.26.52:553][171]LogEditorViewport: Clicking on Actor (LMB): StaticMeshActor (Bends_Bridge_Railing2)
[2018.05.24-02.26.53:046][222]LogEditorViewport: Clicking on Actor (context menu): StaticMeshActor (Bends_Bridge_Railing2)
[2018.05.24-02.26.54:030][315]LogEditorViewport: Clicking on Actor (LMB): StaticMeshActor (Bends_Bridge_Railing)
[2018.05.24-02.27.01:105][110]LogEditorViewport: Clicking on Actor (CTRL LMB): StaticMeshActor (Bends_Bridge_ComputerConsole)
[2018.05.24-02.27.01:900][194]LogEditorViewport: Clicking on Actor (CTRL LMB): StaticMeshActor (Bends_Bridge_Railing2)
[2018.05.24-02.27.08:136][884]LogEditorViewport: Clicking on Actor (LMB): PointLight (PointLight2)
[2018.05.24-02.27.12:999][391]LogEditorViewport: Clicking on Actor (LMB): StaticMeshActor (Bends_Bridge_ComputerConsole2)
[2018.05.24-02.27.13:644][453]LogEditorViewport: Clicking on Actor (CTRL LMB): StaticMeshActor (Bends_Bridge_Railing4)
[2018.05.24-02.27.14:614][560]LogEditorViewport: Clicking on Actor (CTRL LMB): StaticMeshActor (Bends_Bridge_Railing3)
[2018.05.24-02.27.18:069][960]LogEditorViewport: Clicking on Actor (LMB): PointLight (PointLight2)
[2018.05.24-02.27.22:028][412]LogEditorViewport: Clicking on Actor (LMB): StaticMeshActor (Bends_Bridge_Railing3)
[2018.05.24-02.27.22:776][492]LogEditorViewport: Clicking on Actor (CTRL LMB): StaticMeshActor (Bends_Bridge_ComputerConsole2)
[2018.05.24-02.27.23:377][555]LogEditorViewport: Clicking on Actor (CTRL LMB): StaticMeshActor (Bends_Bridge_Railing4)
[2018.05.24-02.27.30:877][395]LogEditorViewport: Clicking on Actor (LMB): PointLight (PointLight2)
[2018.05.24-02.27.37:011][ 57]LogEditorViewport: Clicking on Actor (CTRL LMB): StaticMeshActor (Bends_Bridge_ComputerConsole2)
[2018.05.24-02.27.37:996][162]LogEditorViewport: Clicking on Actor (CTRL LMB): StaticMeshActor (Bends_Bridge_ComputerConsole2)
[2018.05.24-02.27.41:133][508]LogEditorViewport: Clicking on Actor (CTRL LMB): StaticMeshActor (Bends_Bridge_Railing4)
[2018.05.24-02.27.42:000][608]LogEditorViewport: Clicking on Actor (CTRL LMB): StaticMeshActor (Bends_Bridge_Railing3)
[2018.05.24-02.28.15:227][485]LogEditorViewport: Clicking on Actor (LMB): PointLight (PointLight4)
[2018.05.24-02.28.15:941][561]LogEditorViewport: Clicking on Actor (LMB): PointLight (PointLight2)
[2018.05.24-02.28.19:619][967]LogEditorViewport: Clicking on Actor (LMB): StaticMeshActor (Bends_Bridge_Wall55)
[2018.05.24-02.28.20:417][ 53]LogEditorViewport: Clicking on Actor (LMB): PointLight (PointLight4)
[2018.05.24-02.28.30:748][226]LogActorFactory: Actor Factory created Periscope
[2018.05.24-02.28.31:908][346]LogActorFactory: Actor Factory created Periscope
[2018.05.24-02.28.34:267][591]Cmd: TRANSACTION UNDO
[2018.05.24-02.28.34:267][591]LogEditorTransaction: Undo Move Actors
[2018.05.24-02.28.34:824][641]Cmd: TRANSACTION UNDO
[2018.05.24-02.28.34:824][641]LogEditorTransaction: Undo Create Actors
[2018.05.24-02.28.37:604][934]LogActorFactory: Actor Factory created Periscope
[2018.05.24-02.28.38:106][982]LogActorFactory: Actor Factory created Periscope
[2018.05.24-02.29.00:544][503]LogEditorViewport: Clicking Background
[2018.05.24-02.29.04:799][997]LogEditorViewport: Clicking on Actor (LMB): PointLight (PointLight4)
[2018.05.24-02.29.05:368][ 57]Cmd: DELETE
[2018.05.24-02.29.05:368][ 57]Cmd: ACTOR DELETE
[2018.05.24-02.29.05:387][ 57]LogEditorActor: Deleted Actor: PointLight
[2018.05.24-02.29.05:397][ 57]LogEditorActor: Deleted 1 Actors (0.029 secs)
[2018.05.24-02.29.05:795][103]LogEditorViewport: Clicking on Actor (LMB): PointLight (PointLight3)
[2018.05.24-02.29.05:916][111]Cmd: DELETE
[2018.05.24-02.29.05:916][111]Cmd: ACTOR DELETE
[2018.05.24-02.29.05:919][111]LogEditorActor: Deleted Actor: PointLight
[2018.05.24-02.29.05:929][111]LogEditorActor: Deleted 1 Actors (0.013 secs)
[2018.05.24-02.29.06:999][236]LogEditorViewport: Clicking on Actor (LMB): PointLight (PointLight2)
[2018.05.24-02.29.07:236][257]Cmd: DELETE
[2018.05.24-02.29.07:236][257]Cmd: ACTOR DELETE
[2018.05.24-02.29.07:238][257]LogEditorActor: Deleted Actor: PointLight
[2018.05.24-02.29.07:247][257]LogEditorActor: Deleted 1 Actors (0.011 secs)
[2018.05.24-02.29.07:853][328]LogEditorViewport: Clicking on Actor (LMB): PointLight (PointLight5)
[2018.05.24-02.29.07:963][335]Cmd: DELETE
[2018.05.24-02.29.07:963][335]Cmd: ACTOR DELETE
[2018.05.24-02.29.07:966][335]LogEditorActor: Deleted Actor: PointLight
[2018.05.24-02.29.07:975][335]LogEditorActor: Deleted 1 Actors (0.011 secs)
[2018.05.24-02.29.09:674][538]Cmd: TRANSACTION UNDO
[2018.05.24-02.29.09:674][538]LogEditorTransaction: Undo Delete Actors
[2018.05.24-02.29.09:903][553]Cmd: TRANSACTION UNDO
[2018.05.24-02.29.09:903][553]LogEditorTransaction: Undo Clicking on Actors
[2018.05.24-02.29.10:085][569]Cmd: TRANSACTION UNDO
[2018.05.24-02.29.10:085][569]LogEditorTransaction: Undo Delete Actors
[2018.05.24-02.29.10:268][582]Cmd: TRANSACTION UNDO
[2018.05.24-02.29.10:268][582]LogEditorTransaction: Undo Clicking on Actors
[2018.05.24-02.29.10:461][602]Cmd: TRANSACTION UNDO
[2018.05.24-02.29.10:461][602]LogEditorTransaction: Undo Delete Actors
[2018.05.24-02.29.10:661][617]Cmd: TRANSACTION UNDO
[2018.05.24-02.29.10:661][617]LogEditorTransaction: Undo Clicking on Actors
[2018.05.24-02.29.10:837][635]Cmd: TRANSACTION UNDO
[2018.05.24-02.29.10:837][635]LogEditorTransaction: Undo Delete Actors
[2018.05.24-02.29.11:031][649]Cmd: TRANSACTION UNDO
[2018.05.24-02.29.11:031][649]LogEditorTransaction: Undo Clicking on Actors
[2018.05.24-02.29.11:249][672]Cmd: TRANSACTION UNDO
[2018.05.24-02.29.11:249][672]LogEditorTransaction: Undo Clicking Background
[2018.05.24-02.29.12:252][781]Cmd: TRANSACTION REDO
[2018.05.24-02.29.12:252][781]LogEditorTransaction: Redo Clicking Background
[2018.05.24-02.29.14:129][  1]LogEditorViewport: Clicking on Actor (LMB): PointLight (PointLight2)
[2018.05.24-02.29.21:993][862]LogEditorViewport: Clicking on Actor (LMB): PointLight (PointLight3)
[2018.05.24-02.29.30:373][822]LogEditorViewport: Clicking on Actor (LMB): StaticMeshActor (Bends_Bridge93)
[2018.05.24-02.29.30:910][877]LogEditorViewport: Clicking on Actor (LMB): PointLight (PointLight4)
[2018.05.24-02.29.35:171][360]LogEditorViewport: Clicking on Actor (LMB): PointLight (PointLight5)
[2018.05.24-02.29.50:862][179]LogActorFactory: Actor Factory created Bends_Bridge_Railing
[2018.05.24-02.29.52:508][357]LogActorFactory: Actor Factory created Bends_Bridge_Railing
[2018.05.24-02.29.53:685][485]Cmd: TRANSACTION UNDO
[2018.05.24-02.29.53:685][485]LogEditorTransaction: Undo Create Actors
[2018.05.24-02.29.56:489][765]LogActorFactory: Actor Factory created Bends_Bridge_Railing
[2018.05.24-02.29.57:021][811]LogActorFactory: Actor Factory created Bends_Bridge_Railing
[2018.05.24-02.30.02:074][379]LogEditorViewport: Clicking on Actor (LMB): StaticMeshActor (Bends_Bridge_Wall79)
[2018.05.24-02.30.04:182][614]LogEditorViewport: Clicking on Actor (LMB): StaticMeshActor (Bends_Bridge_Railing9)
[2018.05.24-02.30.10:741][369]Cmd: DELETE
[2018.05.24-02.30.10:742][369]Cmd: ACTOR DELETE
[2018.05.24-02.30.10:744][369]LogEditorActor: Deleted Actor: StaticMeshActor
[2018.05.24-02.30.10:753][369]LogEditorActor: Deleted 1 Actors (0.011 secs)
[2018.05.24-02.30.11:813][495]LogEditorViewport: Clicking on Actor (LMB): StaticMeshActor (Bends_Bridge_Railing9)
[2018.05.24-02.30.45:634][315]LogEditorViewport: Clicking on Actor (CTRL LMB): StaticMeshActor (Bends_Bridge_Railing11)
[2018.05.24-02.30.46:792][442]LogEditorViewport: Clicking on Actor (CTRL LMB): StaticMeshActor (Bends_Bridge_Railing10)
[2018.05.24-02.30.47:612][529]LogEditorViewport: Clicking on Actor (CTRL LMB): StaticMeshActor (Bends_Bridge_Railing9)
[2018.05.24-02.31.43:953][815]LogEditorViewport: Clicking Background
[2018.05.24-02.31.46:810][978]Cmd: OBJ SAVEPACKAGE PACKAGE="/Game/Maps/The_Bends_Level_01" FILE="E:/Uni Stuff/Year2/Github/The-Bends/TheBends/Content/Maps/The_Bends_Level_01.umap" SILENT=true AUTOSAVING=false KEEPDIRTY=false
[2018.05.24-02.31.47:677][978]LogSavePackage: Save=797.92ms
[2018.05.24-02.31.47:677][978]LogSavePackage: Moving 'E:/Uni Stuff/Year2/Github/The-Bends/TheBends/Saved/The_Bends_Level_0173619A9C4B3B242FDDF2EEB6606552FE.tmp' to 'E:/Uni Stuff/Year2/Github/The-Bends/TheBends/Content/Maps/The_Bends_Level_01.umap'
[2018.05.24-02.31.47:684][978]LogSavePackage:Display: Finished SavePackage E:/Uni Stuff/Year2/Github/The-Bends/TheBends/Content/Maps/The_Bends_Level_01.umap
[2018.05.24-02.31.47:727][978]LogSlate: Took 0.000244 seconds to synchronously load lazily loaded font '../../../Engine/Content/Slate/Fonts/Roboto-Regular.ttf' (155K)
[2018.05.24-02.31.47:729][978]LogFileHelpers: Saving map 'The_Bends_Level_01' took 1.005
[2018.05.24-02.31.49:880][233]LogEditorViewport: Clicking Background
[2018.05.24-02.32.25:201][400]Cmd: QUIT_EDITOR
[2018.05.24-02.32.25:304][400]LogWindowsTextInputMethodSystem:Display: IME system now deactivated.
[2018.05.24-02.32.25:304][400]LogWindowsTextInputMethodSystem:Display: IME system now deactivated.
[2018.05.24-02.32.25:393][400]LogExit: Preparing to exit.
[2018.05.24-02.32.25:962][400]LogExit: Editor shut down
[2018.05.24-02.32.25:963][400]LogExit: Transaction tracking system shut down
[2018.05.24-02.32.26:155][400]LogObj: Freed 0b from 0 cluster array pools.
[2018.05.24-02.32.26:155][400]LogExit: Object subsystem successfully closed.
[2018.05.24-02.32.26:192][400]LogD3D11RHI: Shutdown
[2018.05.24-02.32.26:192][400]LogD3D11RHI: CleanupD3DDevice
[2018.05.24-02.32.26:310][400]LogD3D11RHI: ~FD3D11DynamicRHI
[2018.05.24-02.32.26:503][400]LogModuleManager: Shutting down and abandoning module HierarchicalLODUtilities (504)
[2018.05.24-02.32.26:503][400]LogModuleManager: Shutting down and abandoning module HierarchicalLODOutliner (502)
[2018.05.24-02.32.26:503][400]LogModuleManager: Shutting down and abandoning module CrashTracker (500)
[2018.05.24-02.32.26:503][400]LogModuleManager: Shutting down and abandoning module SceneOutliner (498)
[2018.05.24-02.32.26:503][400]LogModuleManager: Shutting down and abandoning module AddContentDialog (496)
[2018.05.24-02.32.26:503][400]LogDirectoryWatcher: A directory notification for 'D:/UE/UE_4.15/FeaturePacks/' was aborted.
[2018.05.24-02.32.26:504][400]LogModuleManager: Shutting down and abandoning module WidgetCarousel (495)
[2018.05.24-02.32.26:504][400]LogModuleManager: Shutting down and abandoning module EditorWidgets (492)
[2018.05.24-02.32.26:504][400]LogModuleManager: Shutting down and abandoning module CollectionManager (490)
[2018.05.24-02.32.26:504][400]LogDirectoryWatcher: A directory notification for 'E:/Uni Stuff/Year2/Github/The-Bends/TheBends/Content/Collections/' was aborted.
[2018.05.24-02.32.26:504][400]LogDirectoryWatcher: A directory notification for 'E:/Uni Stuff/Year2/Github/The-Bends/TheBends/Content/Developers/lukem/Collections/' was aborted.
[2018.05.24-02.32.26:504][400]LogDirectoryWatcher: A directory notification for 'E:/Uni Stuff/Year2/Github/The-Bends/TheBends/Saved/Collections/' was aborted.
[2018.05.24-02.32.26:504][400]LogModuleManager: Shutting down and abandoning module StatsViewer (488)
[2018.05.24-02.32.26:504][400]LogModuleManager: Shutting down and abandoning module FoliageEdit (486)
[2018.05.24-02.32.26:504][400]LogModuleManager: Shutting down and abandoning module LandscapeEditor (484)
[2018.05.24-02.32.26:504][400]LogModuleManager: Shutting down and abandoning module SceneDepthPickerMode (482)
[2018.05.24-02.32.26:504][400]LogModuleManager: Shutting down and abandoning module ActorPickerMode (480)
[2018.05.24-02.32.26:504][400]LogModuleManager: Shutting down and abandoning module GeometryMode (478)
[2018.05.24-02.32.26:504][400]LogModuleManager: Shutting down and abandoning module TextureAlignMode (476)
[2018.05.24-02.32.26:504][400]LogModuleManager: Shutting down and abandoning module BspMode (474)
[2018.05.24-02.32.26:504][400]LogModuleManager: Shutting down and abandoning module HardwareSurvey (472)
[2018.05.24-02.32.26:504][400]LogModuleManager: Shutting down and abandoning module SequenceRecorderSections (470)
[2018.05.24-02.32.26:504][400]LogModuleManager: Shutting down and abandoning module AutomationWorker (468)
[2018.05.24-02.32.26:504][400]LogModuleManager: Shutting down and abandoning module MatineeToLevelSequence (466)
[2018.05.24-02.32.26:504][400]LogModuleManager: Shutting down and abandoning module LevelSequenceEditor (464)
[2018.05.24-02.32.26:509][400]LogModuleManager: Shutting down and abandoning module PlacementMode (463)
[2018.05.24-02.32.26:510][400]LogModuleManager: Shutting down and abandoning module WmfMediaFactory (460)
[2018.05.24-02.32.26:510][400]LogModuleManager: Shutting down and abandoning module WmfMediaEditor (458)
[2018.05.24-02.32.26:510][400]LogModuleManager: Shutting down and abandoning module MfMediaFactory (456)
[2018.05.24-02.32.26:510][400]LogModuleManager: Shutting down and abandoning module MfMediaEditor (454)
[2018.05.24-02.32.26:510][400]LogModuleManager: Shutting down and abandoning module AvfMediaFactory (452)
[2018.05.24-02.32.26:510][400]LogModuleManager: Shutting down and abandoning module AvfMediaEditor (450)
[2018.05.24-02.32.26:510][400]LogModuleManager: Shutting down and abandoning module AndroidMediaFactory (448)
[2018.05.24-02.32.26:510][400]LogModuleManager: Shutting down and abandoning module Media (447)
[2018.05.24-02.32.26:510][400]LogModuleManager: Shutting down and abandoning module AndroidMediaEditor (444)
[2018.05.24-02.32.26:510][400]LogModuleManager: Shutting down and abandoning module CharacterAI (442)
[2018.05.24-02.32.26:510][400]LogModuleManager: Shutting down and abandoning module AudioCapture (440)
[2018.05.24-02.32.26:510][400]LogModuleManager: Shutting down and abandoning module SequenceRecorder (439)
[2018.05.24-02.32.26:510][400]LogModuleManager: Shutting down and abandoning module SmartSnapping (436)
[2018.05.24-02.32.26:510][400]LogModuleManager: Shutting down and abandoning module SessionServices (434)
[2018.05.24-02.32.26:510][400]LogModuleManager: Shutting down and abandoning module ViewportSnapping (432)
[2018.05.24-02.32.26:510][400]LogModuleManager: Shutting down and abandoning module ViewportInteraction (430)
[2018.05.24-02.32.26:510][400]LogModuleManager: Shutting down and abandoning module LogVisualizer (428)
[2018.05.24-02.32.26:530][400]LogModuleManager: Shutting down and abandoning module IntroTutorials (426)
[2018.05.24-02.32.26:531][400]LogModuleManager: Shutting down and abandoning module GameProjectGeneration (425)
[2018.05.24-02.32.26:531][400]LogModuleManager: Shutting down and abandoning module EditorLiveStreaming (422)
[2018.05.24-02.32.26:531][400]LogModuleManager: Shutting down and abandoning module IOSPlatformEditor (420)
[2018.05.24-02.32.26:531][400]LogModuleManager: Shutting down and abandoning module HTML5PlatformEditor (418)
[2018.05.24-02.32.26:531][400]LogModuleManager: Shutting down and abandoning module AndroidPlatformEditor (416)
[2018.05.24-02.32.26:531][400]LogModuleManager: Shutting down and abandoning module AndroidDeviceDetection (415)
[2018.05.24-02.32.26:741][400]LogModuleManager: Shutting down and abandoning module IOSRuntimeSettings (412)
[2018.05.24-02.32.26:741][400]LogModuleManager: Shutting down and abandoning module AndroidRuntimeSettings (410)
[2018.05.24-02.32.26:741][400]LogModuleManager: Shutting down and abandoning module InputBindingEditor (408)
[2018.05.24-02.32.26:741][400]LogModuleManager: Shutting down and abandoning module NiagaraEditor (406)
[2018.05.24-02.32.26:766][400]LogModuleManager: Shutting down and abandoning module MergeActors (404)
[2018.05.24-02.32.26:766][400]LogModuleManager: Shutting down and abandoning module SizeMap (402)
[2018.05.24-02.32.26:766][400]LogModuleManager: Shutting down and abandoning module TreeMap (400)
[2018.05.24-02.32.26:766][400]LogModuleManager: Shutting down and abandoning module ReferenceViewer (398)
[2018.05.24-02.32.26:766][400]LogModuleManager: Shutting down and abandoning module LocalizationDashboard (396)
[2018.05.24-02.32.26:774][400]LogModuleManager: Shutting down and abandoning module LocalizationService (395)
[2018.05.24-02.32.26:786][400]LogModuleManager: Shutting down and abandoning module HardwareTargeting (392)
[2018.05.24-02.32.26:786][400]LogModuleManager: Shutting down and abandoning module DeviceProfileEditor (390)
[2018.05.24-02.32.26:786][400]LogModuleManager: Shutting down and abandoning module UndoHistory (388)
[2018.05.24-02.32.26:786][400]LogModuleManager: Shutting down and abandoning module UserFeedback (386)
[2018.05.24-02.32.26:786][400]LogModuleManager: Shutting down and abandoning module XmlParser (384)
[2018.05.24-02.32.26:786][400]LogModuleManager: Shutting down and abandoning module Blutility (382)
[2018.05.24-02.32.26:786][400]LogModuleManager: Shutting down and abandoning module ProjectSettingsViewer (380)
[2018.05.24-02.32.26:786][400]LogModuleManager: Shutting down and abandoning module ProjectTargetPlatformEditor (379)
[2018.05.24-02.32.26:786][400]LogModuleManager: Shutting down and abandoning module EditorSettingsViewer (376)
[2018.05.24-02.32.26:786][400]LogModuleManager: Shutting down and abandoning module SettingsEditor (374)
[2018.05.24-02.32.26:786][400]LogModuleManager: Shutting down and abandoning module ProjectLauncher (372)
[2018.05.24-02.32.26:803][400]LogModuleManager: Shutting down and abandoning module SessionFrontend (370)
[2018.05.24-02.32.26:810][400]LogModuleManager: Shutting down and abandoning module ProfilerClient (368)
[2018.05.24-02.32.26:819][400]LogModuleManager: Shutting down and abandoning module DeviceManager (366)
[2018.05.24-02.32.26:826][400]LogModuleManager: Shutting down and abandoning module TargetDeviceServices (365)
[2018.05.24-02.32.26:867][400]LogModuleManager: Shutting down and abandoning module AutomationController (362)
[2018.05.24-02.32.26:867][400]LogModuleManager: Shutting down and abandoning module AutomationWindow (360)
[2018.05.24-02.32.26:884][400]LogModuleManager: Shutting down and abandoning module Layers (358)
[2018.05.24-02.32.26:892][400]LogModuleManager: Shutting down and abandoning module ComponentVisualizers (356)
[2018.05.24-02.32.26:892][400]LogModuleManager: Shutting down and abandoning module DetailCustomizations (354)
[2018.05.24-02.32.26:892][400]LogModuleManager: Shutting down and abandoning module PackagesDialog (352)
[2018.05.24-02.32.26:893][400]LogModuleManager: Shutting down and abandoning module Persona (350)
[2018.05.24-02.32.26:902][400]LogModuleManager: Shutting down and abandoning module AnimGraph (349)
[2018.05.24-02.32.26:902][400]LogModuleManager: Shutting down and abandoning module Kismet (346)
[2018.05.24-02.32.26:905][400]LogModuleManager: Shutting down and abandoning module GraphEditor (344)
[2018.05.24-02.32.26:922][400]LogModuleManager: Shutting down and abandoning module ClassViewer (342)
[2018.05.24-02.32.26:922][400]LogModuleManager: Shutting down and abandoning module Toolbox (340)
[2018.05.24-02.32.26:922][400]LogModuleManager: Shutting down and abandoning module ModuleUI (338)
[2018.05.24-02.32.26:931][400]LogModuleManager: Shutting down and abandoning module MovieSceneTools (336)
[2018.05.24-02.32.26:932][400]LogModuleManager: Shutting down and abandoning module OutputLog (334)
[2018.05.24-02.32.26:932][400]LogModuleManager: Shutting down and abandoning module GammaUI (332)
[2018.05.24-02.32.26:945][400]LogModuleManager: Shutting down and abandoning module Documentation (330)
[2018.05.24-02.32.26:945][400]LogModuleManager: Shutting down and abandoning module Niagara (328)
[2018.05.24-02.32.26:945][400]LogModuleManager: Shutting down and abandoning module StreamingPauseRendering (326)
[2018.05.24-02.32.26:945][400]LogModuleManager: Shutting down and abandoning module AnalyticsET (324)
[2018.05.24-02.32.26:945][400]LogModuleManager: Shutting down and abandoning module PortalServices (322)
[2018.05.24-02.32.26:945][400]LogModuleManager: Shutting down and abandoning module PortalRpc (320)
[2018.05.24-02.32.26:945][400]LogModuleManager: Shutting down and abandoning module MessagingRpc (318)
[2018.05.24-02.32.26:945][400]LogModuleManager: Shutting down and abandoning module AIModule (316)
[2018.05.24-02.32.26:945][400]LogModuleManager: Shutting down and abandoning module GameplayDebugger (315)
[2018.05.24-02.32.26:945][400]LogModuleManager: Shutting down and abandoning module AITestSuite (313)
[2018.05.24-02.32.26:945][400]LogModuleManager: Shutting down and abandoning module ProfilerService (310)
[2018.05.24-02.32.27:139][400]LogModuleManager: Shutting down and abandoning module TaskGraph (308)
[2018.05.24-02.32.27:144][400]LogModuleManager: Shutting down and abandoning module SubstanceEditor (306)
[2018.05.24-02.32.27:144][400]LogModuleManager: Shutting down and abandoning module SteamVRController (304)
[2018.05.24-02.32.27:144][400]LogModuleManager: Shutting down and abandoning module SteamVR (302)
[2018.05.24-02.32.27:144][400]LogModuleManager: Shutting down and abandoning module ProceduralMeshComponentEditor (300)
[2018.05.24-02.32.27:144][400]LogModuleManager: Shutting down and abandoning module ProceduralMeshComponent (298)
[2018.05.24-02.32.27:144][400]LogModuleManager: Shutting down and abandoning module OculusLibrary (296)
[2018.05.24-02.32.27:144][400]LogModuleManager: Shutting down and abandoning module OculusInput (294)
[2018.05.24-02.32.27:144][400]LogModuleManager: Shutting down and abandoning module MobilePatchingUtils (292)
[2018.05.24-02.32.27:144][400]LogModuleManager: Shutting down and abandoning module CustomMeshComponent (290)
[2018.05.24-02.32.27:144][400]LogModuleManager: Shutting down and abandoning module CableComponent (288)
[2018.05.24-02.32.27:144][400]LogModuleManager: Shutting down and abandoning module ArchVisCharacter (286)
[2018.05.24-02.32.27:144][400]LogModuleManager: Shutting down and abandoning module MediaPlayerEditor (282)
[2018.05.24-02.32.27:144][400]LogModuleManager: Shutting down and abandoning module HTML5Networking (280)
[2018.05.24-02.32.27:144][400]LogModuleManager: Shutting down and abandoning module AlembicImporter (278)
[2018.05.24-02.32.27:145][400]LogModuleManager: Shutting down and abandoning module AlembicLibrary (277)
[2018.05.24-02.32.27:145][400]LogModuleManager: Shutting down and abandoning module GeometryCache (276)
[2018.05.24-02.32.27:145][400]LogModuleManager: Shutting down and abandoning module GeometryCacheEd (275)
[2018.05.24-02.32.27:145][400]LogModuleManager: Shutting down and abandoning module SuperSearchEditor (270)
[2018.05.24-02.32.27:145][400]LogModuleManager: Shutting down and abandoning module SuperSearch (269)
[2018.05.24-02.32.27:145][400]LogModuleManager: Shutting down and abandoning module SpeedTreeImporter (266)
[2018.05.24-02.32.27:145][400]LogModuleManager: Shutting down and abandoning module PluginBrowser (264)
[2018.05.24-02.32.27:145][400]LogModuleManager: Shutting down and abandoning module MobileLauncherProfileWizard (262)
[2018.05.24-02.32.27:146][400]LogModuleManager: Shutting down and abandoning module EpicSurvey (260)
[2018.05.24-02.32.27:146][400]LogModuleManager: Shutting down and abandoning module VisualStudioSourceCodeAccess (258)
[2018.05.24-02.32.27:146][400]LogModuleManager: Shutting down and abandoning module DesktopPlatform (257)
[2018.05.24-02.32.27:146][400]LogModuleManager: Shutting down and abandoning module UObjectPlugin (254)
[2018.05.24-02.32.27:146][400]LogModuleManager: Shutting down and abandoning module SubversionSourceControl (252)
[2018.05.24-02.32.27:146][400]LogModuleManager: Shutting down and abandoning module PerforceSourceControl (250)
[2018.05.24-02.32.27:147][400]LogModuleManager: Shutting down and abandoning module GitSourceControl (248)
[2018.05.24-02.32.27:147][400]LogModuleManager: Shutting down and abandoning module SourceControl (247)
[2018.05.24-02.32.27:147][400]LogModuleManager: Shutting down and abandoning module LightPropagationVolumeEditor (244)
[2018.05.24-02.32.27:147][400]LogModuleManager: Shutting down and abandoning module PaperTiledImporter (242)
[2018.05.24-02.32.27:147][400]LogModuleManager: Shutting down and abandoning module PaperSpriteSheetImporter (240)
[2018.05.24-02.32.27:147][400]LogModuleManager: Shutting down and abandoning module Paper2DEditor (238)
[2018.05.24-02.32.27:157][400]LogModuleManager: Shutting down and abandoning module MeshPaint (237)
[2018.05.24-02.32.27:157][400]LogModuleManager: Shutting down and abandoning module LevelEditor (235)
[2018.05.24-02.32.27:157][400]LogModuleManager: Shutting down and abandoning module PixelInspectorModule (234)
[2018.05.24-02.32.27:157][400]LogModuleManager: Shutting down and abandoning module MainFrame (232)
[2018.05.24-02.32.27:157][400]LogModuleManager: Shutting down and abandoning module HotReload (231)
[2018.05.24-02.32.27:158][400]LogModuleManager: Shutting down and abandoning module ContentBrowser (227)
[2018.05.24-02.32.27:158][400]LogModuleManager: Shutting down and abandoning module PhysXVehiclesEditor (224)
[2018.05.24-02.32.27:158][400]LogModuleManager: Shutting down and abandoning module PhysXVehicles (222)
[2018.05.24-02.32.27:158][400]LogModuleManager: Shutting down and abandoning module LocationServicesBPLibrary (220)
[2018.05.24-02.32.27:158][400]LogModuleManager: Shutting down and abandoning module UdpMessaging (218)
[2018.05.24-02.32.27:259][400]LogModuleManager: Shutting down and abandoning module TcpMessaging (216)
[2018.05.24-02.32.27:359][400]LogModuleManager: Shutting down and abandoning module SubstanceCore (214)
[2018.05.24-02.32.27:374][400]LogModuleManager: Shutting down and abandoning module GameplayTagsEditor (212)
[2018.05.24-02.32.27:390][400]LogModuleManager: Shutting down and abandoning module FacialAnimationEditor (210)
[2018.05.24-02.32.27:390][400]LogModuleManager: Shutting down and abandoning module FacialAnimation (208)
[2018.05.24-02.32.27:390][400]LogModuleManager: Shutting down and abandoning module LightPropagationVolumeRuntime (206)
[2018.05.24-02.32.27:390][400]LogModuleManager: Shutting down and abandoning module Paper2D (204)
[2018.05.24-02.32.27:390][400]LogModuleManager: Shutting down and abandoning module WindowsMoviePlayer (202)
[2018.05.24-02.32.27:390][400]LogModuleManager: Shutting down and abandoning module WmfMedia (200)
[2018.05.24-02.32.27:392][400]LogModuleManager: Shutting down and abandoning module MfMedia (198)
[2018.05.24-02.32.27:392][400]LogModuleManager: Shutting down and abandoning module MediaAssets (196)
[2018.05.24-02.32.27:392][400]LogModuleManager: Shutting down and abandoning module GameLiveStreaming (194)
[2018.05.24-02.32.27:392][400]LogModuleManager: Shutting down and abandoning module VREditor (192)
[2018.05.24-02.32.27:392][400]LogModuleManager: Shutting down and abandoning module GameplayTasksEditor (190)
[2018.05.24-02.32.27:392][400]LogModuleManager: Shutting down and abandoning module BehaviorTreeEditor (188)
[2018.05.24-02.32.27:405][400]LogModuleManager: Shutting down and abandoning module FunctionalTesting (186)
[2018.05.24-02.32.27:405][400]LogModuleManager: Shutting down and abandoning module CollisionAnalyzer (184)
[2018.05.24-02.32.27:406][400]LogModuleManager: Shutting down and abandoning module UMG (182)
[2018.05.24-02.32.27:417][400]LogModuleManager: Shutting down and abandoning module UMGEditor (181)
[2018.05.24-02.32.27:430][400]LogModuleManager: Shutting down and abandoning module Sequencer (180)
[2018.05.24-02.32.27:441][400]LogModuleManager: Shutting down and abandoning module AssetTools (178)
[2018.05.24-02.32.27:448][400]LogModuleManager: Shutting down and abandoning module MessageLog (177)
[2018.05.24-02.32.27:448][400]LogModuleManager: Shutting down and abandoning module WorkspaceMenuStructure (176)
[2018.05.24-02.32.27:448][400]LogModuleManager: Shutting down and abandoning module SlateReflector (170)
[2018.05.24-02.32.27:460][400]LogModuleManager: Shutting down and abandoning module Slate (168)
[2018.05.24-02.32.27:460][400]LogModuleManager: Shutting down and abandoning module EditorStyle (166)
[2018.05.24-02.32.27:462][400]LogModuleManager: Shutting down and abandoning module SourceCodeAccess (164)
[2018.05.24-02.32.27:462][400]LogModuleManager: Shutting down and abandoning module HeadMountedDisplay (162)
[2018.05.24-02.32.27:462][400]LogModuleManager: Shutting down and abandoning module XAudio2 (160)
[2018.05.24-02.32.27:462][400]LogModuleManager: Shutting down and abandoning module Networking (158)
[2018.05.24-02.32.27:462][400]LogModuleManager: Shutting down and abandoning module Core (154)
[2018.05.24-02.32.27:462][400]LogModuleManager: Shutting down and abandoning module AssetRegistry (152)
[2018.05.24-02.32.27:994][400]LogDirectoryWatcher: A directory notification for '../../../Engine/Content/' was aborted.
[2018.05.24-02.32.27:995][400]LogDirectoryWatcher: A directory notification for 'E:/Uni Stuff/Year2/Github/The-Bends/TheBends/Content/' was aborted.
[2018.05.24-02.32.27:995][400]LogDirectoryWatcher: A directory notification for '../../../Engine/Plugins/2D/Paper2D/Content/' was aborted.
[2018.05.24-02.32.27:995][400]LogModuleManager: Shutting down and abandoning module DirectoryWatcher (151)
[2018.05.24-02.32.27:996][400]LogModuleManager: Shutting down and abandoning module KismetCompiler (148)
[2018.05.24-02.32.27:996][400]LogModuleManager: Shutting down and abandoning module PhysXFormats (146)
[2018.05.24-02.32.27:996][400]LogModuleManager: Shutting down and abandoning module MeshUtilities (144)
[2018.05.24-02.32.27:996][400]LogModuleManager: Shutting down and abandoning module SimplygonSwarm (143)
[2018.05.24-02.32.27:996][400]LogModuleManager: Shutting down and abandoning module SimplygonMeshReduction (141)
[2018.05.24-02.32.27:996][400]LogModuleManager: Shutting down and abandoning module QuadricMeshReduction (139)
[2018.05.24-02.32.27:996][400]LogModuleManager: Shutting down and abandoning module PropertyEditor (137)
[2018.05.24-02.32.27:996][400]LogModuleManager: Shutting down and abandoning module DerivedDataCache (134)
[2018.05.24-02.32.28:012][400]LogDerivedDataCache: Shutdown
[2018.05.24-02.32.28:012][400]LogModuleManager: Shutting down and abandoning module TargetPlatform (132)
[2018.05.24-02.32.28:012][400]LogModuleManager: Shutting down and abandoning module VulkanShaderFormat (131)
[2018.05.24-02.32.28:012][400]LogModuleManager: Shutting down and abandoning module ShaderFormatOpenGL (129)
[2018.05.24-02.32.28:117][400]LogModuleManager: Shutting down and abandoning module ShaderFormatD3D (127)
[2018.05.24-02.32.28:117][400]LogModuleManager: Shutting down and abandoning module MetalShaderFormat (125)
[2018.05.24-02.32.28:122][400]LogModuleManager: Shutting down and abandoning module TextureFormatUncompressed (123)
[2018.05.24-02.32.28:122][400]LogModuleManager: Shutting down and abandoning module TextureFormatPVR (121)
[2018.05.24-02.32.28:122][400]LogModuleManager: Shutting down and abandoning module TextureFormatDXT (119)
[2018.05.24-02.32.28:122][400]LogModuleManager: Shutting down and abandoning module TextureFormatIntelISPCTexComp (117)
[2018.05.24-02.32.28:122][400]LogModuleManager: Shutting down and abandoning module TextureFormatASTC (115)
[2018.05.24-02.32.28:122][400]LogModuleManager: Shutting down and abandoning module ImageWrapper (114)
[2018.05.24-02.32.28:122][400]LogModuleManager: Shutting down and abandoning module TextureFormatAndroid (111)
[2018.05.24-02.32.28:122][400]LogModuleManager: Shutting down and abandoning module AudioFormatOpus (109)
[2018.05.24-02.32.28:122][400]LogModuleManager: Shutting down and abandoning module AudioFormatOgg (107)
[2018.05.24-02.32.28:122][400]LogModuleManager: Shutting down and abandoning module AudioFormatADPCM (105)
[2018.05.24-02.32.28:122][400]LogModuleManager: Shutting down and abandoning module LinuxTargetPlatform (103)
[2018.05.24-02.32.28:122][400]LogModuleManager: Shutting down and abandoning module LinuxServerTargetPlatform (101)
[2018.05.24-02.32.28:122][400]LogModuleManager: Shutting down and abandoning module LinuxNoEditorTargetPlatform (99)
[2018.05.24-02.32.28:122][400]LogModuleManager: Shutting down and abandoning module LinuxClientTargetPlatform (97)
[2018.05.24-02.32.28:122][400]LogModuleManager: Shutting down and abandoning module TVOSTargetPlatform (95)
[2018.05.24-02.32.28:122][400]LogModuleManager: Shutting down and abandoning module Messaging (93)
[2018.05.24-02.32.28:122][400]LogModuleManager: Shutting down and abandoning module IOSTargetPlatform (91)
[2018.05.24-02.32.28:122][400]LogModuleManager: Shutting down and abandoning module HTML5TargetPlatform (89)
[2018.05.24-02.32.28:122][400]LogModuleManager: Shutting down and abandoning module Android_PVRTCTargetPlatform (87)
[2018.05.24-02.32.28:123][400]LogModuleManager: Shutting down and abandoning module Android_MultiTargetPlatform (85)
[2018.05.24-02.32.28:123][400]LogModuleManager: Shutting down and abandoning module Android_ETC2TargetPlatform (83)
[2018.05.24-02.32.28:123][400]LogModuleManager: Shutting down and abandoning module Android_ETC1TargetPlatform (81)
[2018.05.24-02.32.28:123][400]LogModuleManager: Shutting down and abandoning module Android_DXTTargetPlatform (79)
[2018.05.24-02.32.28:123][400]LogModuleManager: Shutting down and abandoning module Android_ATCTargetPlatform (77)
[2018.05.24-02.32.28:123][400]LogModuleManager: Shutting down and abandoning module Android_ASTCTargetPlatform (75)
[2018.05.24-02.32.28:123][400]LogModuleManager: Shutting down and abandoning module AndroidTargetPlatform (73)
[2018.05.24-02.32.28:123][400]LogModuleManager: Shutting down and abandoning module WindowsTargetPlatform (71)
[2018.05.24-02.32.28:123][400]LogModuleManager: Shutting down and abandoning module WindowsServerTargetPlatform (69)
[2018.05.24-02.32.28:123][400]LogModuleManager: Shutting down and abandoning module WindowsNoEditorTargetPlatform (67)
[2018.05.24-02.32.28:123][400]LogModuleManager: Shutting down and abandoning module WindowsClientTargetPlatform (65)
[2018.05.24-02.32.28:123][400]LogModuleManager: Shutting down and abandoning module MacTargetPlatform (63)
[2018.05.24-02.32.28:123][400]LogModuleManager: Shutting down and abandoning module MacServerTargetPlatform (61)
[2018.05.24-02.32.28:123][400]LogModuleManager: Shutting down and abandoning module MacNoEditorTargetPlatform (59)
[2018.05.24-02.32.28:123][400]LogModuleManager: Shutting down and abandoning module MacClientTargetPlatform (57)
[2018.05.24-02.32.28:123][400]LogModuleManager: Shutting down and abandoning module AllDesktopTargetPlatform (55)
[2018.05.24-02.32.28:123][400]LogModuleManager: Shutting down and abandoning module InputCore (52)
[2018.05.24-02.32.28:123][400]LogModuleManager: Shutting down and abandoning module Settings (50)
[2018.05.24-02.32.28:123][400]LogModuleManager: Shutting down and abandoning module OculusRift (48)
[2018.05.24-02.32.28:123][400]LogModuleManager: Shutting down and abandoning module GearVR (46)
[2018.05.24-02.32.28:133][400]LogModuleManager: Shutting down and abandoning module ExampleDeviceProfileSelector (44)
[2018.05.24-02.32.28:133][400]LogModuleManager: Shutting down and abandoning module OnlineBlueprintSupport (42)
[2018.05.24-02.32.28:133][400]LogModuleManager: Shutting down and abandoning module OnlineSubsystem (38)
[2018.05.24-02.32.28:133][400]LogOnline:Display: Unloading online subsystem: NULL
[2018.05.24-02.32.28:144][400]LogModuleManager: Shutting down and abandoning module XMPP (37)
[2018.05.24-02.32.28:152][400]LogModuleManager: Shutting down and abandoning module HTTP (35)
[2018.05.24-02.32.28:152][400]LogHttp:Display: Http module shutting down, but needs to wait on 1 outstanding Http requests:
[2018.05.24-02.32.28:152][400]LogHttp:Display: 	verb=[POST] url=[https://datarouter.ol.epicgames.com/datarouter/api/v1/public/data?SessionID=%7B26BD62D1-4762-C715-A257-1AAF31915FFB%7D&AppID=UEEditor.Rocket.Release&AppVersion=4.15.3-3450819%2B%2B%2BUE4%2BRelease-4.15&UserID=631baacb4079a51d8c50fda0fc820809%7C5426334c903140f89a87a90a895d9865%7Cff1a9e8d-930e-43bf-ab30-c72d773ab186&AppEnvironment=datacollector-binary&UploadType=eteventstream] status=Processing
[2018.05.24-02.32.28:176][400]LogModuleManager: Shutting down and abandoning module SSL (34)
[2018.05.24-02.32.28:177][400]LogModuleManager: Shutting down and abandoning module AudioEditor (30)
[2018.05.24-02.32.28:177][400]LogModuleManager: Shutting down and abandoning module TextureCompressor (28)
[2018.05.24-02.32.28:178][400]LogModuleManager: Shutting down and abandoning module ShaderCore (26)
[2018.05.24-02.32.28:178][400]LogModuleManager: Shutting down and abandoning module Landscape (24)
[2018.05.24-02.32.28:178][400]LogModuleManager: Shutting down and abandoning module SlateRHIRenderer (22)
[2018.05.24-02.32.28:180][400]LogModuleManager: Shutting down and abandoning module OpenGLDrv (20)
[2018.05.24-02.32.28:194][400]LogModuleManager: Shutting down and abandoning module D3D11RHI (18)
[2018.05.24-02.32.28:194][400]LogModuleManager: Shutting down and abandoning module AnimGraphRuntime (16)
[2018.05.24-02.32.28:194][400]LogModuleManager: Shutting down and abandoning module Renderer (14)
[2018.05.24-02.32.28:194][400]LogModuleManager: Shutting down and abandoning module Engine (12)
[2018.05.24-02.32.28:194][400]LogModuleManager: Shutting down and abandoning module CoreUObject (10)
[2018.05.24-02.32.28:194][400]LogModuleManager: Shutting down and abandoning module NetworkFile (8)
[2018.05.24-02.32.28:194][400]LogModuleManager: Shutting down and abandoning module StreamingFile (6)
[2018.05.24-02.32.28:194][400]LogModuleManager: Shutting down and abandoning module SandboxFile (4)
[2018.05.24-02.32.28:194][400]LogModuleManager: Shutting down and abandoning module PakFile (2)
[2018.05.24-02.32.28:206][400]LogExit: Exiting.
[2018.05.24-02.32.28:207][400]Log file closed, 05/24/18 03:32:28
